<?xml version="1.0" encoding="UTF-8"?>
<!-- Generated by org.testng.reporters.JUnitXMLReporter -->
<testsuite hostname="DESKTOP-D75Q99P" name="Default test" tests="9" failures="0" timestamp="16 Sep 2016 13:19:20 GMT" time="48.541" errors="0">
  <testcase name="@BeforeMethod init" time="0.0" classname="com.buxie.selenium.testNGfun.RunWithTestNG">
    <failure type="org.openqa.selenium.WebDriverException" message="Failed to connect to binary FirefoxBinary(C:\Program Files (x86)\Mozilla Firefox\firefox.exe) on port 7055; process output follows: 
,&amp;quot;syncGUID&amp;quot;:&amp;quot;b6w_FG_MHSp-&amp;quot;,&amp;quot;location&amp;quot;:&amp;quot;app-global&amp;quot;,&amp;quot;version&amp;quot;:&amp;quot;48.0.2&amp;quot;,&amp;quot;type&amp;quot;:&amp;quot;theme&amp;quot;,&amp;quot;internalName&amp;quot;:&amp;quot;classic/1.0&amp;quot;,&amp;quot;updateURL&amp;quot;:null,&amp;quot;updateKey&amp;quot;:null,&amp;quot;optionsURL&amp;quot;:null,&amp;quot;optionsType&amp;quot;:null,&amp;quot;aboutURL&amp;quot;:null,&amp;quot;icons&amp;quot;:{&amp;quot;32&amp;quot;:&amp;quot;icon.png&amp;quot;,&amp;quot;48&amp;quot;:&amp;quot;icon.png&amp;quot;},&amp;quot;iconURL&amp;quot;:null,&amp;quot;icon64URL&amp;quot;:null,&amp;quot;defaultLocale&amp;quot;:{&amp;quot;name&amp;quot;:&amp;quot;Default&amp;quot;,&amp;quot;description&amp;quot;:&amp;quot;The default theme.&amp;quot;,&amp;quot;creator&amp;quot;:&amp;quot;Mozilla&amp;quot;,&amp;quot;homepageURL&amp;quot;:null,&amp;quot;contributors&amp;quot;:[&amp;quot;Mozilla Contributors&amp;quot;]},&amp;quot;visible&amp;quot;:true,&amp;quot;active&amp;quot;:true,&amp;quot;userDisabled&amp;quot;:false,&amp;quot;appDisabled&amp;quot;:false,&amp;quot;descriptor&amp;quot;:&amp;quot;C:\\Program Files (x86)\\Mozilla Firefox\\browser\\extensions\\{972ce4c6-7e08-4474-a285-3208198ce6fd}.xpi&amp;quot;,&amp;quot;installDate&amp;quot;:1472018554000,&amp;quot;updateDate&amp;quot;:1472018554000,&amp;quot;applyBackgroundUpdates&amp;quot;:1,&amp;quot;skinnable&amp;quot;:true,&amp;quot;size&amp;quot;:21905,&amp;quot;sourceURI&amp;quot;:null,&amp;quot;releaseNotesURI&amp;quot;:null,&amp;quot;softDisabled&amp;quot;:false,&amp;quot;foreignInstall&amp;quot;:false,&amp;quot;hasBinaryComponents&amp;quot;:false,&amp;quot;strictCompatibility&amp;quot;:true,&amp;quot;locales&amp;quot;:[],&amp;quot;targetApplications&amp;quot;:[{&amp;quot;id&amp;quot;:&amp;quot;{ec8030f7-c20a-464f-9b0e-13a3a9e97384}&amp;quot;,&amp;quot;minVersion&amp;quot;:&amp;quot;48.0.2&amp;quot;,&amp;quot;maxVersion&amp;quot;:&amp;quot;48.0.2&amp;quot;}],&amp;quot;targetPlatforms&amp;quot;:[],&amp;quot;seen&amp;quot;:true}
1474031914908	addons.xpi	DEBUG	getModTime: Recursive scan of {972ce4c6-7e08-4474-a285-3208198ce6fd}
1474031914909	DeferredSave.extensions.json	DEBUG	Save changes
1474031914909	addons.xpi	DEBUG	Updating database with changes to installed add-ons
1474031914909	addons.xpi-utils	DEBUG	Updating add-on states
1474031914910	addons.xpi-utils	DEBUG	Writing add-ons list
1474031914913	addons.xpi	DEBUG	Registering manifest for C:\Program Files (x86)\Mozilla Firefox\browser\features\e10srollout@mozilla.org.xpi
1474031914914	addons.xpi	DEBUG	Calling bootstrap method startup on e10srollout@mozilla.org version 1.1
1474031914914	addons.xpi	DEBUG	Registering manifest for C:\Program Files (x86)\Mozilla Firefox\browser\features\firefox@getpocket.com.xpi
1474031914914	addons.xpi	DEBUG	Calling bootstrap method startup on firefox@getpocket.com version 1.0.4
1474031914915	addons.xpi	DEBUG	Registering manifest for C:\Program Files (x86)\Mozilla Firefox\browser\features\loop@mozilla.org.xpi
1474031914915	addons.xpi	DEBUG	Calling bootstrap method startup on loop@mozilla.org version 1.4.4
1474031914934	addons.manager	DEBUG	Registering shutdown blocker for XPIProvider
1474031914934	addons.manager	DEBUG	Provider finished startup: XPIProvider
1474031914934	addons.manager	DEBUG	Starting provider: LightweightThemeManager
1474031914934	addons.manager	DEBUG	Registering shutdown blocker for LightweightThemeManager
1474031914935	addons.manager	DEBUG	Provider finished startup: LightweightThemeManager
1474031914935	addons.manager	DEBUG	Starting provider: GMPProvider
1474031914940	addons.manager	DEBUG	Registering shutdown blocker for GMPProvider
1474031914941	addons.manager	DEBUG	Provider finished startup: GMPProvider
1474031914941	addons.manager	DEBUG	Starting provider: PluginProvider
1474031914941	addons.manager	DEBUG	Registering shutdown blocker for PluginProvider
1474031914941	addons.manager	DEBUG	Provider finished startup: PluginProvider
1474031914942	addons.manager	DEBUG	Completed startup sequence
1474031915317	addons.manager	DEBUG	Starting provider: &amp;lt;unnamed-provider&amp;gt;
1474031915317	addons.manager	DEBUG	Registering shutdown blocker for &amp;lt;unnamed-provider&amp;gt;
1474031915317	addons.manager	DEBUG	Provider finished startup: &amp;lt;unnamed-provider&amp;gt;
1474031915318	DeferredSave.extensions.json	DEBUG	Starting write
1474031915622	addons.repository	DEBUG	No addons.json found.
1474031915622	DeferredSave.addons.json	DEBUG	Save changes
1474031915627	DeferredSave.addons.json	DEBUG	Starting timer
1474031915659	addons.manager	DEBUG	Starting provider: PreviousExperimentProvider
1474031915659	addons.manager	DEBUG	Registering shutdown blocker for PreviousExperimentProvider
1474031915662	addons.manager	DEBUG	Provider finished startup: PreviousExperimentProvider
1474031915664	DeferredSave.extensions.json	DEBUG	Write succeeded
1474031915665	addons.xpi-utils	DEBUG	XPI Database saved, setting schema version preference to 17
1474031915686	DeferredSave.addons.json	DEBUG	Starting write
1474031915729	DeferredSave.addons.json	DEBUG	Write succeeded

Build info: version: &amp;apos;2.53.0&amp;apos;, revision: &amp;apos;35ae25b1534ae328c771e0856c93e187490ca824&amp;apos;, time: &amp;apos;2016-03-15 10:43:46&amp;apos;
System info: host: &amp;apos;DESKTOP-D75Q99P&amp;apos;, ip: &amp;apos;192.168.1.5&amp;apos;, os.name: &amp;apos;Windows 10&amp;apos;, os.arch: &amp;apos;amd64&amp;apos;, os.version: &amp;apos;10.0&amp;apos;, java.version: &amp;apos;1.8.0_101&amp;apos;
Driver info: driver.version: FirefoxDriver">
      <![CDATA[org.openqa.selenium.WebDriverException: Failed to connect to binary FirefoxBinary(C:\Program Files (x86)\Mozilla Firefox\firefox.exe) on port 7055; process output follows: 
,"syncGUID":"b6w_FG_MHSp-","location":"app-global","version":"48.0.2","type":"theme","internalName":"classic/1.0","updateURL":null,"updateKey":null,"optionsURL":null,"optionsType":null,"aboutURL":null,"icons":{"32":"icon.png","48":"icon.png"},"iconURL":null,"icon64URL":null,"defaultLocale":{"name":"Default","description":"The default theme.","creator":"Mozilla","homepageURL":null,"contributors":["Mozilla Contributors"]},"visible":true,"active":true,"userDisabled":false,"appDisabled":false,"descriptor":"C:\\Program Files (x86)\\Mozilla Firefox\\browser\\extensions\\{972ce4c6-7e08-4474-a285-3208198ce6fd}.xpi","installDate":1472018554000,"updateDate":1472018554000,"applyBackgroundUpdates":1,"skinnable":true,"size":21905,"sourceURI":null,"releaseNotesURI":null,"softDisabled":false,"foreignInstall":false,"hasBinaryComponents":false,"strictCompatibility":true,"locales":[],"targetApplications":[{"id":"{ec8030f7-c20a-464f-9b0e-13a3a9e97384}","minVersion":"48.0.2","maxVersion":"48.0.2"}],"targetPlatforms":[],"seen":true}
1474031914908	addons.xpi	DEBUG	getModTime: Recursive scan of {972ce4c6-7e08-4474-a285-3208198ce6fd}
1474031914909	DeferredSave.extensions.json	DEBUG	Save changes
1474031914909	addons.xpi	DEBUG	Updating database with changes to installed add-ons
1474031914909	addons.xpi-utils	DEBUG	Updating add-on states
1474031914910	addons.xpi-utils	DEBUG	Writing add-ons list
1474031914913	addons.xpi	DEBUG	Registering manifest for C:\Program Files (x86)\Mozilla Firefox\browser\features\e10srollout@mozilla.org.xpi
1474031914914	addons.xpi	DEBUG	Calling bootstrap method startup on e10srollout@mozilla.org version 1.1
1474031914914	addons.xpi	DEBUG	Registering manifest for C:\Program Files (x86)\Mozilla Firefox\browser\features\firefox@getpocket.com.xpi
1474031914914	addons.xpi	DEBUG	Calling bootstrap method startup on firefox@getpocket.com version 1.0.4
1474031914915	addons.xpi	DEBUG	Registering manifest for C:\Program Files (x86)\Mozilla Firefox\browser\features\loop@mozilla.org.xpi
1474031914915	addons.xpi	DEBUG	Calling bootstrap method startup on loop@mozilla.org version 1.4.4
1474031914934	addons.manager	DEBUG	Registering shutdown blocker for XPIProvider
1474031914934	addons.manager	DEBUG	Provider finished startup: XPIProvider
1474031914934	addons.manager	DEBUG	Starting provider: LightweightThemeManager
1474031914934	addons.manager	DEBUG	Registering shutdown blocker for LightweightThemeManager
1474031914935	addons.manager	DEBUG	Provider finished startup: LightweightThemeManager
1474031914935	addons.manager	DEBUG	Starting provider: GMPProvider
1474031914940	addons.manager	DEBUG	Registering shutdown blocker for GMPProvider
1474031914941	addons.manager	DEBUG	Provider finished startup: GMPProvider
1474031914941	addons.manager	DEBUG	Starting provider: PluginProvider
1474031914941	addons.manager	DEBUG	Registering shutdown blocker for PluginProvider
1474031914941	addons.manager	DEBUG	Provider finished startup: PluginProvider
1474031914942	addons.manager	DEBUG	Completed startup sequence
1474031915317	addons.manager	DEBUG	Starting provider: <unnamed-provider>
1474031915317	addons.manager	DEBUG	Registering shutdown blocker for <unnamed-provider>
1474031915317	addons.manager	DEBUG	Provider finished startup: <unnamed-provider>
1474031915318	DeferredSave.extensions.json	DEBUG	Starting write
1474031915622	addons.repository	DEBUG	No addons.json found.
1474031915622	DeferredSave.addons.json	DEBUG	Save changes
1474031915627	DeferredSave.addons.json	DEBUG	Starting timer
1474031915659	addons.manager	DEBUG	Starting provider: PreviousExperimentProvider
1474031915659	addons.manager	DEBUG	Registering shutdown blocker for PreviousExperimentProvider
1474031915662	addons.manager	DEBUG	Provider finished startup: PreviousExperimentProvider
1474031915664	DeferredSave.extensions.json	DEBUG	Write succeeded
1474031915665	addons.xpi-utils	DEBUG	XPI Database saved, setting schema version preference to 17
1474031915686	DeferredSave.addons.json	DEBUG	Starting write
1474031915729	DeferredSave.addons.json	DEBUG	Write succeeded

Build info: version: '2.53.0', revision: '35ae25b1534ae328c771e0856c93e187490ca824', time: '2016-03-15 10:43:46'
System info: host: 'DESKTOP-D75Q99P', ip: '192.168.1.5', os.name: 'Windows 10', os.arch: 'amd64', os.version: '10.0', java.version: '1.8.0_101'
Driver info: driver.version: FirefoxDriver
	at org.openqa.selenium.firefox.internal.NewProfileExtensionConnection.start(NewProfileExtensionConnection.java:125)
	at org.openqa.selenium.firefox.FirefoxDriver.startClient(FirefoxDriver.java:271)
	at org.openqa.selenium.remote.RemoteWebDriver.<init>(RemoteWebDriver.java:119)
	at org.openqa.selenium.firefox.FirefoxDriver.<init>(FirefoxDriver.java:216)
	at org.openqa.selenium.firefox.FirefoxDriver.<init>(FirefoxDriver.java:211)
	at org.openqa.selenium.firefox.FirefoxDriver.<init>(FirefoxDriver.java:207)
	at org.openqa.selenium.firefox.FirefoxDriver.<init>(FirefoxDriver.java:120)
	at com.buxie.selenium.testNGfun.Utils.createWebDriver(Utils.java:62)
	at com.buxie.selenium.testNGfun.Utils.launchBrowser(Utils.java:263)
	at com.buxie.selenium.testNGfun.RunWithTestNG.init(RunWithTestNG.java:54)
	at sun.reflect.NativeMethodAccessorImpl.invoke0(Native Method)
	at sun.reflect.NativeMethodAccessorImpl.invoke(NativeMethodAccessorImpl.java:62)
	at sun.reflect.DelegatingMethodAccessorImpl.invoke(DelegatingMethodAccessorImpl.java:43)
	at java.lang.reflect.Method.invoke(Method.java:498)
	at org.testng.internal.MethodInvocationHelper.invokeMethod(MethodInvocationHelper.java:100)
	at org.testng.internal.Invoker.invokeConfigurationMethod(Invoker.java:515)
	at org.testng.internal.Invoker.invokeConfigurations(Invoker.java:216)
	at org.testng.internal.Invoker.invokeMethod(Invoker.java:590)
	at org.testng.internal.Invoker.invokeTestMethod(Invoker.java:811)
	at org.testng.internal.Invoker.invokeTestMethods(Invoker.java:1129)
	at org.testng.internal.TestMethodWorker.invokeTestMethods(TestMethodWorker.java:129)
	at org.testng.internal.TestMethodWorker.run(TestMethodWorker.java:112)
	at org.testng.TestRunner.privateRun(TestRunner.java:746)
	at org.testng.TestRunner.run(TestRunner.java:600)
	at org.testng.SuiteRunner.runTest(SuiteRunner.java:366)
	at org.testng.SuiteRunner.runSequentially(SuiteRunner.java:361)
	at org.testng.SuiteRunner.privateRun(SuiteRunner.java:319)
	at org.testng.SuiteRunner.run(SuiteRunner.java:268)
	at org.testng.SuiteRunnerWorker.runSuite(SuiteRunnerWorker.java:52)
	at org.testng.SuiteRunnerWorker.run(SuiteRunnerWorker.java:86)
	at org.testng.TestNG.runSuitesSequentially(TestNG.java:1264)
	at org.testng.TestNG.runSuitesLocally(TestNG.java:1189)
	at org.testng.TestNG.runSuites(TestNG.java:1104)
	at org.testng.TestNG.run(TestNG.java:1076)
	at org.testng.remote.AbstractRemoteTestNG.run(AbstractRemoteTestNG.java:126)
	at org.testng.remote.RemoteTestNG.initAndRun(RemoteTestNG.java:152)
	at org.testng.remote.RemoteTestNG.main(RemoteTestNG.java:57)
Caused by: org.openqa.selenium.firefox.NotConnectedException: Unable to connect to host 127.0.0.1 on port 7055 after 45000 ms. Firefox console output:
,"syncGUID":"b6w_FG_MHSp-","location":"app-global","version":"48.0.2","type":"theme","internalName":"classic/1.0","updateURL":null,"updateKey":null,"optionsURL":null,"optionsType":null,"aboutURL":null,"icons":{"32":"icon.png","48":"icon.png"},"iconURL":null,"icon64URL":null,"defaultLocale":{"name":"Default","description":"The default theme.","creator":"Mozilla","homepageURL":null,"contributors":["Mozilla Contributors"]},"visible":true,"active":true,"userDisabled":false,"appDisabled":false,"descriptor":"C:\\Program Files (x86)\\Mozilla Firefox\\browser\\extensions\\{972ce4c6-7e08-4474-a285-3208198ce6fd}.xpi","installDate":1472018554000,"updateDate":1472018554000,"applyBackgroundUpdates":1,"skinnable":true,"size":21905,"sourceURI":null,"releaseNotesURI":null,"softDisabled":false,"foreignInstall":false,"hasBinaryComponents":false,"strictCompatibility":true,"locales":[],"targetApplications":[{"id":"{ec8030f7-c20a-464f-9b0e-13a3a9e97384}","minVersion":"48.0.2","maxVersion":"48.0.2"}],"targetPlatforms":[],"seen":true}
1474031914908	addons.xpi	DEBUG	getModTime: Recursive scan of {972ce4c6-7e08-4474-a285-3208198ce6fd}
1474031914909	DeferredSave.extensions.json	DEBUG	Save changes
1474031914909	addons.xpi	DEBUG	Updating database with changes to installed add-ons
1474031914909	addons.xpi-utils	DEBUG	Updating add-on states
1474031914910	addons.xpi-utils	DEBUG	Writing add-ons list
1474031914913	addons.xpi	DEBUG	Registering manifest for C:\Program Files (x86)\Mozilla Firefox\browser\features\e10srollout@mozilla.org.xpi
1474031914914	addons.xpi	DEBUG	Calling bootstrap method startup on e10srollout@mozilla.org version 1.1
1474031914914	addons.xpi	DEBUG	Registering manifest for C:\Program Files (x86)\Mozilla Firefox\browser\features\firefox@getpocket.com.xpi
1474031914914	addons.xpi	DEBUG	Calling bootstrap method startup on firefox@getpocket.com version 1.0.4
1474031914915	addons.xpi	DEBUG	Registering manifest for C:\Program Files (x86)\Mozilla Firefox\browser\features\loop@mozilla.org.xpi
1474031914915	addons.xpi	DEBUG	Calling bootstrap method startup on loop@mozilla.org version 1.4.4
1474031914934	addons.manager	DEBUG	Registering shutdown blocker for XPIProvider
1474031914934	addons.manager	DEBUG	Provider finished startup: XPIProvider
1474031914934	addons.manager	DEBUG	Starting provider: LightweightThemeManager
1474031914934	addons.manager	DEBUG	Registering shutdown blocker for LightweightThemeManager
1474031914935	addons.manager	DEBUG	Provider finished startup: LightweightThemeManager
1474031914935	addons.manager	DEBUG	Starting provider: GMPProvider
1474031914940	addons.manager	DEBUG	Registering shutdown blocker for GMPProvider
1474031914941	addons.manager	DEBUG	Provider finished startup: GMPProvider
1474031914941	addons.manager	DEBUG	Starting provider: PluginProvider
1474031914941	addons.manager	DEBUG	Registering shutdown blocker for PluginProvider
1474031914941	addons.manager	DEBUG	Provider finished startup: PluginProvider
1474031914942	addons.manager	DEBUG	Completed startup sequence
1474031915317	addons.manager	DEBUG	Starting provider: <unnamed-provider>
1474031915317	addons.manager	DEBUG	Registering shutdown blocker for <unnamed-provider>
1474031915317	addons.manager	DEBUG	Provider finished startup: <unnamed-provider>
1474031915318	DeferredSave.extensions.json	DEBUG	Starting write
1474031915622	addons.repository	DEBUG	No addons.json found.
1474031915622	DeferredSave.addons.json	DEBUG	Save changes
1474031915627	DeferredSave.addons.json	DEBUG	Starting timer
1474031915659	addons.manager	DEBUG	Starting provider: PreviousExperimentProvider
1474031915659	addons.manager	DEBUG	Registering shutdown blocker for PreviousExperimentProvider
1474031915662	addons.manager	DEBUG	Provider finished startup: PreviousExperimentProvider
1474031915664	DeferredSave.extensions.json	DEBUG	Write succeeded
1474031915665	addons.xpi-utils	DEBUG	XPI Database saved, setting schema version preference to 17
1474031915686	DeferredSave.addons.json	DEBUG	Starting write
1474031915729	DeferredSave.addons.json	DEBUG	Write succeeded

	at org.openqa.selenium.firefox.internal.NewProfileExtensionConnection.start(NewProfileExtensionConnection.java:113)
	... 36 more
]]>
    </failure>
  </testcase> <!-- @BeforeMethod init -->
  <testcase name="@AfterMethod tearDown" time="0.0" classname="com.buxie.selenium.testNGfun.RunWithTestNG">
    <skipped/>
  </testcase> <!-- @AfterMethod tearDown -->
  <testcase name="@BeforeMethod init" time="0.0" classname="com.buxie.selenium.testNGfun.RunWithTestNG">
    <skipped/>
  </testcase> <!-- @BeforeMethod init -->
  <testcase name="@AfterMethod tearDown" time="0.0" classname="com.buxie.selenium.testNGfun.RunWithTestNG">
    <skipped/>
  </testcase> <!-- @AfterMethod tearDown -->
  <testcase name="@BeforeMethod init" time="0.0" classname="com.buxie.selenium.testNGfun.RunWithTestNG">
    <skipped/>
  </testcase> <!-- @BeforeMethod init -->
  <testcase name="@AfterMethod tearDown" time="0.0" classname="com.buxie.selenium.testNGfun.RunWithTestNG">
    <skipped/>
  </testcase> <!-- @AfterMethod tearDown -->
  <testcase name="@BeforeMethod init" time="0.0" classname="com.buxie.selenium.testNGfun.RunWithTestNG">
    <skipped/>
  </testcase> <!-- @BeforeMethod init -->
  <testcase name="@AfterMethod tearDown" time="0.0" classname="com.buxie.selenium.testNGfun.RunWithTestNG">
    <skipped/>
  </testcase> <!-- @AfterMethod tearDown -->
  <testcase name="@BeforeMethod init" time="0.0" classname="com.buxie.selenium.testNGfun.RunWithTestNG">
    <skipped/>
  </testcase> <!-- @BeforeMethod init -->
  <testcase name="@AfterMethod tearDown" time="0.0" classname="com.buxie.selenium.testNGfun.RunWithTestNG">
    <skipped/>
  </testcase> <!-- @AfterMethod tearDown -->
  <testcase name="@BeforeMethod init" time="0.0" classname="com.buxie.selenium.testNGfun.RunWithTestNG">
    <skipped/>
  </testcase> <!-- @BeforeMethod init -->
  <testcase name="@AfterMethod tearDown" time="0.0" classname="com.buxie.selenium.testNGfun.RunWithTestNG">
    <skipped/>
  </testcase> <!-- @AfterMethod tearDown -->
  <testcase name="@BeforeMethod init" time="0.0" classname="com.buxie.selenium.testNGfun.RunWithTestNG">
    <skipped/>
  </testcase> <!-- @BeforeMethod init -->
  <testcase name="@AfterMethod tearDown" time="0.0" classname="com.buxie.selenium.testNGfun.RunWithTestNG">
    <skipped/>
  </testcase> <!-- @AfterMethod tearDown -->
  <testcase name="@BeforeMethod init" time="0.0" classname="com.buxie.selenium.testNGfun.RunWithTestNG">
    <skipped/>
  </testcase> <!-- @BeforeMethod init -->
  <testcase name="@AfterMethod tearDown" time="0.0" classname="com.buxie.selenium.testNGfun.RunWithTestNG">
    <skipped/>
  </testcase> <!-- @AfterMethod tearDown -->
  <testcase name="@BeforeMethod init" time="0.0" classname="com.buxie.selenium.testNGfun.RunWithTestNG">
    <skipped/>
  </testcase> <!-- @BeforeMethod init -->
  <testcase name="@AfterMethod tearDown" time="0.0" classname="com.buxie.selenium.testNGfun.RunWithTestNG">
    <skipped/>
  </testcase> <!-- @AfterMethod tearDown -->
  <testcase name="@AfterTest bye" time="0.0" classname="com.buxie.selenium.testNGfun.RunWithTestNG">
    <skipped/>
  </testcase> <!-- @AfterTest bye -->
  <testcase name="testBrowsePerfectFor" time="0.002" classname="com.buxie.selenium.testNGfun.RunWithTestNG">
    <skipped/>
  </testcase> <!-- testBrowsePerfectFor -->
  <testcase name="testFavorite" time="0.004" classname="com.buxie.selenium.testNGfun.RunWithTestNG">
    <skipped/>
  </testcase> <!-- testFavorite -->
  <testcase name="testFilterAndPlayCustomAfterLogin" time="0.003" classname="com.buxie.selenium.testNGfun.RunWithTestNG">
    <skipped/>
  </testcase> <!-- testFilterAndPlayCustomAfterLogin -->
  <testcase name="testPlayStastionFromProfile" time="0.003" classname="com.buxie.selenium.testNGfun.RunWithTestNG">
    <skipped/>
  </testcase> <!-- testPlayStastionFromProfile -->
  <testcase name="testPodcastThumbDown" time="0.003" classname="com.buxie.selenium.testNGfun.RunWithTestNG">
    <skipped/>
  </testcase> <!-- testPodcastThumbDown -->
  <testcase name="testPopularUserFlow" time="0.004" classname="com.buxie.selenium.testNGfun.RunWithTestNG">
    <skipped/>
  </testcase> <!-- testPopularUserFlow -->
  <testcase name="testSearchFromPodcast" time="0.002" classname="com.buxie.selenium.testNGfun.RunWithTestNG">
    <skipped/>
  </testcase> <!-- testSearchFromPodcast -->
  <testcase name="testSearchJoshInAll" time="0.005" classname="com.buxie.selenium.testNGfun.RunWithTestNG">
    <skipped/>
  </testcase> <!-- testSearchJoshInAll -->
  <testcase name="testThumbUpLive" time="0.002" classname="com.buxie.selenium.testNGfun.RunWithTestNG">
    <skipped/>
  </testcase> <!-- testThumbUpLive -->
</testsuite> <!-- Default test -->
