<?xml version="1.0" encoding="UTF-8"?>
<!-- Generated by org.testng.reporters.JUnitReportReporter -->
<testsuite hostname="DESKTOP-D75Q99P" name="com.buxie.selenium.testNGfun.RunWithTestNG" tests="9" failures="0" timestamp="16 Sep 2016 13:19:20 GMT" time="0.028" errors="9">
  <testcase name="testThumbUpLive" time="0.002" classname="com.buxie.selenium.testNGfun.RunWithTestNG">
    <error type="org.openqa.selenium.WebDriverException" message="Failed to connect to binary FirefoxBinary(C:\Program Files (x86)\Mozilla Firefox\firefox.exe) on port 7055; process output follows: 
,&quot;syncGUID&quot;:&quot;b6w_FG_MHSp-&quot;,&quot;location&quot;:&quot;app-global&quot;,&quot;version&quot;:&quot;48.0.2&quot;,&quot;type&quot;:&quot;theme&quot;,&quot;internalName&quot;:&quot;classic/1.0&quot;,&quot;updateURL&quot;:null,&quot;updateKey&quot;:null,&quot;optionsURL&quot;:null,&quot;optionsType&quot;:null,&quot;aboutURL&quot;:null,&quot;icons&quot;:{&quot;32&quot;:&quot;icon.png&quot;,&quot;48&quot;:&quot;icon.png&quot;},&quot;iconURL&quot;:null,&quot;icon64URL&quot;:null,&quot;defaultLocale&quot;:{&quot;name&quot;:&quot;Default&quot;,&quot;description&quot;:&quot;The default theme.&quot;,&quot;creator&quot;:&quot;Mozilla&quot;,&quot;homepageURL&quot;:null,&quot;contributors&quot;:[&quot;Mozilla Contributors&quot;]},&quot;visible&quot;:true,&quot;active&quot;:true,&quot;userDisabled&quot;:false,&quot;appDisabled&quot;:false,&quot;descriptor&quot;:&quot;C:\\Program Files (x86)\\Mozilla Firefox\\browser\\extensions\\{972ce4c6-7e08-4474-a285-3208198ce6fd}.xpi&quot;,&quot;installDate&quot;:1472018554000,&quot;updateDate&quot;:1472018554000,&quot;applyBackgroundUpdates&quot;:1,&quot;skinnable&quot;:true,&quot;size&quot;:21905,&quot;sourceURI&quot;:null,&quot;releaseNotesURI&quot;:null,&quot;softDisabled&quot;:false,&quot;foreignInstall&quot;:false,&quot;hasBinaryComponents&quot;:false,&quot;strictCompatibility&quot;:true,&quot;locales&quot;:[],&quot;targetApplications&quot;:[{&quot;id&quot;:&quot;{ec8030f7-c20a-464f-9b0e-13a3a9e97384}&quot;,&quot;minVersion&quot;:&quot;48.0.2&quot;,&quot;maxVersion&quot;:&quot;48.0.2&quot;}],&quot;targetPlatforms&quot;:[],&quot;seen&quot;:true}
1474031914908	addons.xpi	DEBUG	getModTime: Recursive scan of {972ce4c6-7e08-4474-a285-3208198ce6fd}
1474031914909	DeferredSave.extensions.json	DEBUG	Save changes
1474031914909	addons.xpi	DEBUG	Updating database with changes to installed add-ons
1474031914909	addons.xpi-utils	DEBUG	Updating add-on states
1474031914910	addons.xpi-utils	DEBUG	Writing add-ons list
1474031914913	addons.xpi	DEBUG	Registering manifest for C:\Program Files (x86)\Mozilla Firefox\browser\features\e10srollout@mozilla.org.xpi
1474031914914	addons.xpi	DEBUG	Calling bootstrap method startup on e10srollout@mozilla.org version 1.1
1474031914914	addons.xpi	DEBUG	Registering manifest for C:\Program Files (x86)\Mozilla Firefox\browser\features\firefox@getpocket.com.xpi
1474031914914	addons.xpi	DEBUG	Calling bootstrap method startup on firefox@getpocket.com version 1.0.4
1474031914915	addons.xpi	DEBUG	Registering manifest for C:\Program Files (x86)\Mozilla Firefox\browser\features\loop@mozilla.org.xpi
1474031914915	addons.xpi	DEBUG	Calling bootstrap method startup on loop@mozilla.org version 1.4.4
1474031914934	addons.manager	DEBUG	Registering shutdown blocker for XPIProvider
1474031914934	addons.manager	DEBUG	Provider finished startup: XPIProvider
1474031914934	addons.manager	DEBUG	Starting provider: LightweightThemeManager
1474031914934	addons.manager	DEBUG	Registering shutdown blocker for LightweightThemeManager
1474031914935	addons.manager	DEBUG	Provider finished startup: LightweightThemeManager
1474031914935	addons.manager	DEBUG	Starting provider: GMPProvider
1474031914940	addons.manager	DEBUG	Registering shutdown blocker for GMPProvider
1474031914941	addons.manager	DEBUG	Provider finished startup: GMPProvider
1474031914941	addons.manager	DEBUG	Starting provider: PluginProvider
1474031914941	addons.manager	DEBUG	Registering shutdown blocker for PluginProvider
1474031914941	addons.manager	DEBUG	Provider finished startup: PluginProvider
1474031914942	addons.manager	DEBUG	Completed startup sequence
1474031915317	addons.manager	DEBUG	Starting provider: &lt;unnamed-provider&gt;
1474031915317	addons.manager	DEBUG	Registering shutdown blocker for &lt;unnamed-provider&gt;
1474031915317	addons.manager	DEBUG	Provider finished startup: &lt;unnamed-provider&gt;
1474031915318	DeferredSave.extensions.json	DEBUG	Starting write
1474031915622	addons.repository	DEBUG	No addons.json found.
1474031915622	DeferredSave.addons.json	DEBUG	Save changes
1474031915627	DeferredSave.addons.json	DEBUG	Starting timer
1474031915659	addons.manager	DEBUG	Starting provider: PreviousExperimentProvider
1474031915659	addons.manager	DEBUG	Registering shutdown blocker for PreviousExperimentProvider
1474031915662	addons.manager	DEBUG	Provider finished startup: PreviousExperimentProvider
1474031915664	DeferredSave.extensions.json	DEBUG	Write succeeded
1474031915665	addons.xpi-utils	DEBUG	XPI Database saved, setting schema version preference to 17
1474031915686	DeferredSave.addons.json	DEBUG	Starting write
1474031915729	DeferredSave.addons.json	DEBUG	Write succeeded

Build info: version: &#039;2.53.0&#039;, revision: &#039;35ae25b1534ae328c771e0856c93e187490ca824&#039;, time: &#039;2016-03-15 10:43:46&#039;
System info: host: &#039;DESKTOP-D75Q99P&#039;, ip: &#039;192.168.1.5&#039;, os.name: &#039;Windows 10&#039;, os.arch: &#039;amd64&#039;, os.version: &#039;10.0&#039;, java.version: &#039;1.8.0_101&#039;
Driver info: driver.version: FirefoxDriver">
      <![CDATA[org.openqa.selenium.WebDriverException: Failed to connect to binary FirefoxBinary(C:\Program Files (x86)\Mozilla Firefox\firefox.exe) on port 7055; process output follows: 
,"syncGUID":"b6w_FG_MHSp-","location":"app-global","version":"48.0.2","type":"theme","internalName":"classic/1.0","updateURL":null,"updateKey":null,"optionsURL":null,"optionsType":null,"aboutURL":null,"icons":{"32":"icon.png","48":"icon.png"},"iconURL":null,"icon64URL":null,"defaultLocale":{"name":"Default","description":"The default theme.","creator":"Mozilla","homepageURL":null,"contributors":["Mozilla Contributors"]},"visible":true,"active":true,"userDisabled":false,"appDisabled":false,"descriptor":"C:\\Program Files (x86)\\Mozilla Firefox\\browser\\extensions\\{972ce4c6-7e08-4474-a285-3208198ce6fd}.xpi","installDate":1472018554000,"updateDate":1472018554000,"applyBackgroundUpdates":1,"skinnable":true,"size":21905,"sourceURI":null,"releaseNotesURI":null,"softDisabled":false,"foreignInstall":false,"hasBinaryComponents":false,"strictCompatibility":true,"locales":[],"targetApplications":[{"id":"{ec8030f7-c20a-464f-9b0e-13a3a9e97384}","minVersion":"48.0.2","maxVersion":"48.0.2"}],"targetPlatforms":[],"seen":true}
1474031914908	addons.xpi	DEBUG	getModTime: Recursive scan of {972ce4c6-7e08-4474-a285-3208198ce6fd}
1474031914909	DeferredSave.extensions.json	DEBUG	Save changes
1474031914909	addons.xpi	DEBUG	Updating database with changes to installed add-ons
1474031914909	addons.xpi-utils	DEBUG	Updating add-on states
1474031914910	addons.xpi-utils	DEBUG	Writing add-ons list
1474031914913	addons.xpi	DEBUG	Registering manifest for C:\Program Files (x86)\Mozilla Firefox\browser\features\e10srollout@mozilla.org.xpi
1474031914914	addons.xpi	DEBUG	Calling bootstrap method startup on e10srollout@mozilla.org version 1.1
1474031914914	addons.xpi	DEBUG	Registering manifest for C:\Program Files (x86)\Mozilla Firefox\browser\features\firefox@getpocket.com.xpi
1474031914914	addons.xpi	DEBUG	Calling bootstrap method startup on firefox@getpocket.com version 1.0.4
1474031914915	addons.xpi	DEBUG	Registering manifest for C:\Program Files (x86)\Mozilla Firefox\browser\features\loop@mozilla.org.xpi
1474031914915	addons.xpi	DEBUG	Calling bootstrap method startup on loop@mozilla.org version 1.4.4
1474031914934	addons.manager	DEBUG	Registering shutdown blocker for XPIProvider
1474031914934	addons.manager	DEBUG	Provider finished startup: XPIProvider
1474031914934	addons.manager	DEBUG	Starting provider: LightweightThemeManager
1474031914934	addons.manager	DEBUG	Registering shutdown blocker for LightweightThemeManager
1474031914935	addons.manager	DEBUG	Provider finished startup: LightweightThemeManager
1474031914935	addons.manager	DEBUG	Starting provider: GMPProvider
1474031914940	addons.manager	DEBUG	Registering shutdown blocker for GMPProvider
1474031914941	addons.manager	DEBUG	Provider finished startup: GMPProvider
1474031914941	addons.manager	DEBUG	Starting provider: PluginProvider
1474031914941	addons.manager	DEBUG	Registering shutdown blocker for PluginProvider
1474031914941	addons.manager	DEBUG	Provider finished startup: PluginProvider
1474031914942	addons.manager	DEBUG	Completed startup sequence
1474031915317	addons.manager	DEBUG	Starting provider: <unnamed-provider>
1474031915317	addons.manager	DEBUG	Registering shutdown blocker for <unnamed-provider>
1474031915317	addons.manager	DEBUG	Provider finished startup: <unnamed-provider>
1474031915318	DeferredSave.extensions.json	DEBUG	Starting write
1474031915622	addons.repository	DEBUG	No addons.json found.
1474031915622	DeferredSave.addons.json	DEBUG	Save changes
1474031915627	DeferredSave.addons.json	DEBUG	Starting timer
1474031915659	addons.manager	DEBUG	Starting provider: PreviousExperimentProvider
1474031915659	addons.manager	DEBUG	Registering shutdown blocker for PreviousExperimentProvider
1474031915662	addons.manager	DEBUG	Provider finished startup: PreviousExperimentProvider
1474031915664	DeferredSave.extensions.json	DEBUG	Write succeeded
1474031915665	addons.xpi-utils	DEBUG	XPI Database saved, setting schema version preference to 17
1474031915686	DeferredSave.addons.json	DEBUG	Starting write
1474031915729	DeferredSave.addons.json	DEBUG	Write succeeded

Build info: version: '2.53.0', revision: '35ae25b1534ae328c771e0856c93e187490ca824', time: '2016-03-15 10:43:46'
System info: host: 'DESKTOP-D75Q99P', ip: '192.168.1.5', os.name: 'Windows 10', os.arch: 'amd64', os.version: '10.0', java.version: '1.8.0_101'
Driver info: driver.version: FirefoxDriver
	at org.openqa.selenium.firefox.internal.NewProfileExtensionConnection.start(NewProfileExtensionConnection.java:125)
	at org.openqa.selenium.firefox.FirefoxDriver.startClient(FirefoxDriver.java:271)
	at org.openqa.selenium.remote.RemoteWebDriver.<init>(RemoteWebDriver.java:119)
	at org.openqa.selenium.firefox.FirefoxDriver.<init>(FirefoxDriver.java:216)
	at org.openqa.selenium.firefox.FirefoxDriver.<init>(FirefoxDriver.java:211)
	at org.openqa.selenium.firefox.FirefoxDriver.<init>(FirefoxDriver.java:207)
	at org.openqa.selenium.firefox.FirefoxDriver.<init>(FirefoxDriver.java:120)
	at com.buxie.selenium.testNGfun.Utils.createWebDriver(Utils.java:62)
	at com.buxie.selenium.testNGfun.Utils.launchBrowser(Utils.java:263)
	at com.buxie.selenium.testNGfun.RunWithTestNG.init(RunWithTestNG.java:54)
	at sun.reflect.NativeMethodAccessorImpl.invoke0(Native Method)
	at sun.reflect.NativeMethodAccessorImpl.invoke(NativeMethodAccessorImpl.java:62)
	at sun.reflect.DelegatingMethodAccessorImpl.invoke(DelegatingMethodAccessorImpl.java:43)
	at java.lang.reflect.Method.invoke(Method.java:498)
	at org.testng.internal.MethodInvocationHelper.invokeMethod(MethodInvocationHelper.java:100)
	at org.testng.internal.Invoker.invokeConfigurationMethod(Invoker.java:515)
	at org.testng.internal.Invoker.invokeConfigurations(Invoker.java:216)
	at org.testng.internal.Invoker.invokeMethod(Invoker.java:590)
	at org.testng.internal.Invoker.invokeTestMethod(Invoker.java:811)
	at org.testng.internal.Invoker.invokeTestMethods(Invoker.java:1129)
	at org.testng.internal.TestMethodWorker.invokeTestMethods(TestMethodWorker.java:129)
	at org.testng.internal.TestMethodWorker.run(TestMethodWorker.java:112)
	at org.testng.TestRunner.privateRun(TestRunner.java:746)
	at org.testng.TestRunner.run(TestRunner.java:600)
	at org.testng.SuiteRunner.runTest(SuiteRunner.java:366)
	at org.testng.SuiteRunner.runSequentially(SuiteRunner.java:361)
	at org.testng.SuiteRunner.privateRun(SuiteRunner.java:319)
	at org.testng.SuiteRunner.run(SuiteRunner.java:268)
	at org.testng.SuiteRunnerWorker.runSuite(SuiteRunnerWorker.java:52)
	at org.testng.SuiteRunnerWorker.run(SuiteRunnerWorker.java:86)
	at org.testng.TestNG.runSuitesSequentially(TestNG.java:1264)
	at org.testng.TestNG.runSuitesLocally(TestNG.java:1189)
	at org.testng.TestNG.runSuites(TestNG.java:1104)
	at org.testng.TestNG.run(TestNG.java:1076)
	at org.testng.remote.AbstractRemoteTestNG.run(AbstractRemoteTestNG.java:126)
	at org.testng.remote.RemoteTestNG.initAndRun(RemoteTestNG.java:152)
	at org.testng.remote.RemoteTestNG.main(RemoteTestNG.java:57)
Caused by: org.openqa.selenium.firefox.NotConnectedException: Unable to connect to host 127.0.0.1 on port 7055 after 45000 ms. Firefox console output:
,"syncGUID":"b6w_FG_MHSp-","location":"app-global","version":"48.0.2","type":"theme","internalName":"classic/1.0","updateURL":null,"updateKey":null,"optionsURL":null,"optionsType":null,"aboutURL":null,"icons":{"32":"icon.png","48":"icon.png"},"iconURL":null,"icon64URL":null,"defaultLocale":{"name":"Default","description":"The default theme.","creator":"Mozilla","homepageURL":null,"contributors":["Mozilla Contributors"]},"visible":true,"active":true,"userDisabled":false,"appDisabled":false,"descriptor":"C:\\Program Files (x86)\\Mozilla Firefox\\browser\\extensions\\{972ce4c6-7e08-4474-a285-3208198ce6fd}.xpi","installDate":1472018554000,"updateDate":1472018554000,"applyBackgroundUpdates":1,"skinnable":true,"size":21905,"sourceURI":null,"releaseNotesURI":null,"softDisabled":false,"foreignInstall":false,"hasBinaryComponents":false,"strictCompatibility":true,"locales":[],"targetApplications":[{"id":"{ec8030f7-c20a-464f-9b0e-13a3a9e97384}","minVersion":"48.0.2","maxVersion":"48.0.2"}],"targetPlatforms":[],"seen":true}
1474031914908	addons.xpi	DEBUG	getModTime: Recursive scan of {972ce4c6-7e08-4474-a285-3208198ce6fd}
1474031914909	DeferredSave.extensions.json	DEBUG	Save changes
1474031914909	addons.xpi	DEBUG	Updating database with changes to installed add-ons
1474031914909	addons.xpi-utils	DEBUG	Updating add-on states
1474031914910	addons.xpi-utils	DEBUG	Writing add-ons list
1474031914913	addons.xpi	DEBUG	Registering manifest for C:\Program Files (x86)\Mozilla Firefox\browser\features\e10srollout@mozilla.org.xpi
1474031914914	addons.xpi	DEBUG	Calling bootstrap method startup on e10srollout@mozilla.org version 1.1
1474031914914	addons.xpi	DEBUG	Registering manifest for C:\Program Files (x86)\Mozilla Firefox\browser\features\firefox@getpocket.com.xpi
1474031914914	addons.xpi	DEBUG	Calling bootstrap method startup on firefox@getpocket.com version 1.0.4
1474031914915	addons.xpi	DEBUG	Registering manifest for C:\Program Files (x86)\Mozilla Firefox\browser\features\loop@mozilla.org.xpi
1474031914915	addons.xpi	DEBUG	Calling bootstrap method startup on loop@mozilla.org version 1.4.4
1474031914934	addons.manager	DEBUG	Registering shutdown blocker for XPIProvider
1474031914934	addons.manager	DEBUG	Provider finished startup: XPIProvider
1474031914934	addons.manager	DEBUG	Starting provider: LightweightThemeManager
1474031914934	addons.manager	DEBUG	Registering shutdown blocker for LightweightThemeManager
1474031914935	addons.manager	DEBUG	Provider finished startup: LightweightThemeManager
1474031914935	addons.manager	DEBUG	Starting provider: GMPProvider
1474031914940	addons.manager	DEBUG	Registering shutdown blocker for GMPProvider
1474031914941	addons.manager	DEBUG	Provider finished startup: GMPProvider
1474031914941	addons.manager	DEBUG	Starting provider: PluginProvider
1474031914941	addons.manager	DEBUG	Registering shutdown blocker for PluginProvider
1474031914941	addons.manager	DEBUG	Provider finished startup: PluginProvider
1474031914942	addons.manager	DEBUG	Completed startup sequence
1474031915317	addons.manager	DEBUG	Starting provider: <unnamed-provider>
1474031915317	addons.manager	DEBUG	Registering shutdown blocker for <unnamed-provider>
1474031915317	addons.manager	DEBUG	Provider finished startup: <unnamed-provider>
1474031915318	DeferredSave.extensions.json	DEBUG	Starting write
1474031915622	addons.repository	DEBUG	No addons.json found.
1474031915622	DeferredSave.addons.json	DEBUG	Save changes
1474031915627	DeferredSave.addons.json	DEBUG	Starting timer
1474031915659	addons.manager	DEBUG	Starting provider: PreviousExperimentProvider
1474031915659	addons.manager	DEBUG	Registering shutdown blocker for PreviousExperimentProvider
1474031915662	addons.manager	DEBUG	Provider finished startup: PreviousExperimentProvider
1474031915664	DeferredSave.extensions.json	DEBUG	Write succeeded
1474031915665	addons.xpi-utils	DEBUG	XPI Database saved, setting schema version preference to 17
1474031915686	DeferredSave.addons.json	DEBUG	Starting write
1474031915729	DeferredSave.addons.json	DEBUG	Write succeeded

	at org.openqa.selenium.firefox.internal.NewProfileExtensionConnection.start(NewProfileExtensionConnection.java:113)
	... 36 more
]]>
    </error>
  </testcase> <!-- testThumbUpLive -->
  <testcase name="testPodcastThumbDown" time="0.003" classname="com.buxie.selenium.testNGfun.RunWithTestNG">
    <error type="org.openqa.selenium.WebDriverException" message="Failed to connect to binary FirefoxBinary(C:\Program Files (x86)\Mozilla Firefox\firefox.exe) on port 7055; process output follows: 
,&quot;syncGUID&quot;:&quot;b6w_FG_MHSp-&quot;,&quot;location&quot;:&quot;app-global&quot;,&quot;version&quot;:&quot;48.0.2&quot;,&quot;type&quot;:&quot;theme&quot;,&quot;internalName&quot;:&quot;classic/1.0&quot;,&quot;updateURL&quot;:null,&quot;updateKey&quot;:null,&quot;optionsURL&quot;:null,&quot;optionsType&quot;:null,&quot;aboutURL&quot;:null,&quot;icons&quot;:{&quot;32&quot;:&quot;icon.png&quot;,&quot;48&quot;:&quot;icon.png&quot;},&quot;iconURL&quot;:null,&quot;icon64URL&quot;:null,&quot;defaultLocale&quot;:{&quot;name&quot;:&quot;Default&quot;,&quot;description&quot;:&quot;The default theme.&quot;,&quot;creator&quot;:&quot;Mozilla&quot;,&quot;homepageURL&quot;:null,&quot;contributors&quot;:[&quot;Mozilla Contributors&quot;]},&quot;visible&quot;:true,&quot;active&quot;:true,&quot;userDisabled&quot;:false,&quot;appDisabled&quot;:false,&quot;descriptor&quot;:&quot;C:\\Program Files (x86)\\Mozilla Firefox\\browser\\extensions\\{972ce4c6-7e08-4474-a285-3208198ce6fd}.xpi&quot;,&quot;installDate&quot;:1472018554000,&quot;updateDate&quot;:1472018554000,&quot;applyBackgroundUpdates&quot;:1,&quot;skinnable&quot;:true,&quot;size&quot;:21905,&quot;sourceURI&quot;:null,&quot;releaseNotesURI&quot;:null,&quot;softDisabled&quot;:false,&quot;foreignInstall&quot;:false,&quot;hasBinaryComponents&quot;:false,&quot;strictCompatibility&quot;:true,&quot;locales&quot;:[],&quot;targetApplications&quot;:[{&quot;id&quot;:&quot;{ec8030f7-c20a-464f-9b0e-13a3a9e97384}&quot;,&quot;minVersion&quot;:&quot;48.0.2&quot;,&quot;maxVersion&quot;:&quot;48.0.2&quot;}],&quot;targetPlatforms&quot;:[],&quot;seen&quot;:true}
1474031914908	addons.xpi	DEBUG	getModTime: Recursive scan of {972ce4c6-7e08-4474-a285-3208198ce6fd}
1474031914909	DeferredSave.extensions.json	DEBUG	Save changes
1474031914909	addons.xpi	DEBUG	Updating database with changes to installed add-ons
1474031914909	addons.xpi-utils	DEBUG	Updating add-on states
1474031914910	addons.xpi-utils	DEBUG	Writing add-ons list
1474031914913	addons.xpi	DEBUG	Registering manifest for C:\Program Files (x86)\Mozilla Firefox\browser\features\e10srollout@mozilla.org.xpi
1474031914914	addons.xpi	DEBUG	Calling bootstrap method startup on e10srollout@mozilla.org version 1.1
1474031914914	addons.xpi	DEBUG	Registering manifest for C:\Program Files (x86)\Mozilla Firefox\browser\features\firefox@getpocket.com.xpi
1474031914914	addons.xpi	DEBUG	Calling bootstrap method startup on firefox@getpocket.com version 1.0.4
1474031914915	addons.xpi	DEBUG	Registering manifest for C:\Program Files (x86)\Mozilla Firefox\browser\features\loop@mozilla.org.xpi
1474031914915	addons.xpi	DEBUG	Calling bootstrap method startup on loop@mozilla.org version 1.4.4
1474031914934	addons.manager	DEBUG	Registering shutdown blocker for XPIProvider
1474031914934	addons.manager	DEBUG	Provider finished startup: XPIProvider
1474031914934	addons.manager	DEBUG	Starting provider: LightweightThemeManager
1474031914934	addons.manager	DEBUG	Registering shutdown blocker for LightweightThemeManager
1474031914935	addons.manager	DEBUG	Provider finished startup: LightweightThemeManager
1474031914935	addons.manager	DEBUG	Starting provider: GMPProvider
1474031914940	addons.manager	DEBUG	Registering shutdown blocker for GMPProvider
1474031914941	addons.manager	DEBUG	Provider finished startup: GMPProvider
1474031914941	addons.manager	DEBUG	Starting provider: PluginProvider
1474031914941	addons.manager	DEBUG	Registering shutdown blocker for PluginProvider
1474031914941	addons.manager	DEBUG	Provider finished startup: PluginProvider
1474031914942	addons.manager	DEBUG	Completed startup sequence
1474031915317	addons.manager	DEBUG	Starting provider: &lt;unnamed-provider&gt;
1474031915317	addons.manager	DEBUG	Registering shutdown blocker for &lt;unnamed-provider&gt;
1474031915317	addons.manager	DEBUG	Provider finished startup: &lt;unnamed-provider&gt;
1474031915318	DeferredSave.extensions.json	DEBUG	Starting write
1474031915622	addons.repository	DEBUG	No addons.json found.
1474031915622	DeferredSave.addons.json	DEBUG	Save changes
1474031915627	DeferredSave.addons.json	DEBUG	Starting timer
1474031915659	addons.manager	DEBUG	Starting provider: PreviousExperimentProvider
1474031915659	addons.manager	DEBUG	Registering shutdown blocker for PreviousExperimentProvider
1474031915662	addons.manager	DEBUG	Provider finished startup: PreviousExperimentProvider
1474031915664	DeferredSave.extensions.json	DEBUG	Write succeeded
1474031915665	addons.xpi-utils	DEBUG	XPI Database saved, setting schema version preference to 17
1474031915686	DeferredSave.addons.json	DEBUG	Starting write
1474031915729	DeferredSave.addons.json	DEBUG	Write succeeded

Build info: version: &#039;2.53.0&#039;, revision: &#039;35ae25b1534ae328c771e0856c93e187490ca824&#039;, time: &#039;2016-03-15 10:43:46&#039;
System info: host: &#039;DESKTOP-D75Q99P&#039;, ip: &#039;192.168.1.5&#039;, os.name: &#039;Windows 10&#039;, os.arch: &#039;amd64&#039;, os.version: &#039;10.0&#039;, java.version: &#039;1.8.0_101&#039;
Driver info: driver.version: FirefoxDriver">
      <![CDATA[org.openqa.selenium.WebDriverException: Failed to connect to binary FirefoxBinary(C:\Program Files (x86)\Mozilla Firefox\firefox.exe) on port 7055; process output follows: 
,"syncGUID":"b6w_FG_MHSp-","location":"app-global","version":"48.0.2","type":"theme","internalName":"classic/1.0","updateURL":null,"updateKey":null,"optionsURL":null,"optionsType":null,"aboutURL":null,"icons":{"32":"icon.png","48":"icon.png"},"iconURL":null,"icon64URL":null,"defaultLocale":{"name":"Default","description":"The default theme.","creator":"Mozilla","homepageURL":null,"contributors":["Mozilla Contributors"]},"visible":true,"active":true,"userDisabled":false,"appDisabled":false,"descriptor":"C:\\Program Files (x86)\\Mozilla Firefox\\browser\\extensions\\{972ce4c6-7e08-4474-a285-3208198ce6fd}.xpi","installDate":1472018554000,"updateDate":1472018554000,"applyBackgroundUpdates":1,"skinnable":true,"size":21905,"sourceURI":null,"releaseNotesURI":null,"softDisabled":false,"foreignInstall":false,"hasBinaryComponents":false,"strictCompatibility":true,"locales":[],"targetApplications":[{"id":"{ec8030f7-c20a-464f-9b0e-13a3a9e97384}","minVersion":"48.0.2","maxVersion":"48.0.2"}],"targetPlatforms":[],"seen":true}
1474031914908	addons.xpi	DEBUG	getModTime: Recursive scan of {972ce4c6-7e08-4474-a285-3208198ce6fd}
1474031914909	DeferredSave.extensions.json	DEBUG	Save changes
1474031914909	addons.xpi	DEBUG	Updating database with changes to installed add-ons
1474031914909	addons.xpi-utils	DEBUG	Updating add-on states
1474031914910	addons.xpi-utils	DEBUG	Writing add-ons list
1474031914913	addons.xpi	DEBUG	Registering manifest for C:\Program Files (x86)\Mozilla Firefox\browser\features\e10srollout@mozilla.org.xpi
1474031914914	addons.xpi	DEBUG	Calling bootstrap method startup on e10srollout@mozilla.org version 1.1
1474031914914	addons.xpi	DEBUG	Registering manifest for C:\Program Files (x86)\Mozilla Firefox\browser\features\firefox@getpocket.com.xpi
1474031914914	addons.xpi	DEBUG	Calling bootstrap method startup on firefox@getpocket.com version 1.0.4
1474031914915	addons.xpi	DEBUG	Registering manifest for C:\Program Files (x86)\Mozilla Firefox\browser\features\loop@mozilla.org.xpi
1474031914915	addons.xpi	DEBUG	Calling bootstrap method startup on loop@mozilla.org version 1.4.4
1474031914934	addons.manager	DEBUG	Registering shutdown blocker for XPIProvider
1474031914934	addons.manager	DEBUG	Provider finished startup: XPIProvider
1474031914934	addons.manager	DEBUG	Starting provider: LightweightThemeManager
1474031914934	addons.manager	DEBUG	Registering shutdown blocker for LightweightThemeManager
1474031914935	addons.manager	DEBUG	Provider finished startup: LightweightThemeManager
1474031914935	addons.manager	DEBUG	Starting provider: GMPProvider
1474031914940	addons.manager	DEBUG	Registering shutdown blocker for GMPProvider
1474031914941	addons.manager	DEBUG	Provider finished startup: GMPProvider
1474031914941	addons.manager	DEBUG	Starting provider: PluginProvider
1474031914941	addons.manager	DEBUG	Registering shutdown blocker for PluginProvider
1474031914941	addons.manager	DEBUG	Provider finished startup: PluginProvider
1474031914942	addons.manager	DEBUG	Completed startup sequence
1474031915317	addons.manager	DEBUG	Starting provider: <unnamed-provider>
1474031915317	addons.manager	DEBUG	Registering shutdown blocker for <unnamed-provider>
1474031915317	addons.manager	DEBUG	Provider finished startup: <unnamed-provider>
1474031915318	DeferredSave.extensions.json	DEBUG	Starting write
1474031915622	addons.repository	DEBUG	No addons.json found.
1474031915622	DeferredSave.addons.json	DEBUG	Save changes
1474031915627	DeferredSave.addons.json	DEBUG	Starting timer
1474031915659	addons.manager	DEBUG	Starting provider: PreviousExperimentProvider
1474031915659	addons.manager	DEBUG	Registering shutdown blocker for PreviousExperimentProvider
1474031915662	addons.manager	DEBUG	Provider finished startup: PreviousExperimentProvider
1474031915664	DeferredSave.extensions.json	DEBUG	Write succeeded
1474031915665	addons.xpi-utils	DEBUG	XPI Database saved, setting schema version preference to 17
1474031915686	DeferredSave.addons.json	DEBUG	Starting write
1474031915729	DeferredSave.addons.json	DEBUG	Write succeeded

Build info: version: '2.53.0', revision: '35ae25b1534ae328c771e0856c93e187490ca824', time: '2016-03-15 10:43:46'
System info: host: 'DESKTOP-D75Q99P', ip: '192.168.1.5', os.name: 'Windows 10', os.arch: 'amd64', os.version: '10.0', java.version: '1.8.0_101'
Driver info: driver.version: FirefoxDriver
	at org.openqa.selenium.firefox.internal.NewProfileExtensionConnection.start(NewProfileExtensionConnection.java:125)
	at org.openqa.selenium.firefox.FirefoxDriver.startClient(FirefoxDriver.java:271)
	at org.openqa.selenium.remote.RemoteWebDriver.<init>(RemoteWebDriver.java:119)
	at org.openqa.selenium.firefox.FirefoxDriver.<init>(FirefoxDriver.java:216)
	at org.openqa.selenium.firefox.FirefoxDriver.<init>(FirefoxDriver.java:211)
	at org.openqa.selenium.firefox.FirefoxDriver.<init>(FirefoxDriver.java:207)
	at org.openqa.selenium.firefox.FirefoxDriver.<init>(FirefoxDriver.java:120)
	at com.buxie.selenium.testNGfun.Utils.createWebDriver(Utils.java:62)
	at com.buxie.selenium.testNGfun.Utils.launchBrowser(Utils.java:263)
	at com.buxie.selenium.testNGfun.RunWithTestNG.init(RunWithTestNG.java:54)
	at sun.reflect.NativeMethodAccessorImpl.invoke0(Native Method)
	at sun.reflect.NativeMethodAccessorImpl.invoke(NativeMethodAccessorImpl.java:62)
	at sun.reflect.DelegatingMethodAccessorImpl.invoke(DelegatingMethodAccessorImpl.java:43)
	at java.lang.reflect.Method.invoke(Method.java:498)
	at org.testng.internal.MethodInvocationHelper.invokeMethod(MethodInvocationHelper.java:100)
	at org.testng.internal.Invoker.invokeConfigurationMethod(Invoker.java:515)
	at org.testng.internal.Invoker.invokeConfigurations(Invoker.java:216)
	at org.testng.internal.Invoker.invokeMethod(Invoker.java:590)
	at org.testng.internal.Invoker.invokeTestMethod(Invoker.java:811)
	at org.testng.internal.Invoker.invokeTestMethods(Invoker.java:1129)
	at org.testng.internal.TestMethodWorker.invokeTestMethods(TestMethodWorker.java:129)
	at org.testng.internal.TestMethodWorker.run(TestMethodWorker.java:112)
	at org.testng.TestRunner.privateRun(TestRunner.java:746)
	at org.testng.TestRunner.run(TestRunner.java:600)
	at org.testng.SuiteRunner.runTest(SuiteRunner.java:366)
	at org.testng.SuiteRunner.runSequentially(SuiteRunner.java:361)
	at org.testng.SuiteRunner.privateRun(SuiteRunner.java:319)
	at org.testng.SuiteRunner.run(SuiteRunner.java:268)
	at org.testng.SuiteRunnerWorker.runSuite(SuiteRunnerWorker.java:52)
	at org.testng.SuiteRunnerWorker.run(SuiteRunnerWorker.java:86)
	at org.testng.TestNG.runSuitesSequentially(TestNG.java:1264)
	at org.testng.TestNG.runSuitesLocally(TestNG.java:1189)
	at org.testng.TestNG.runSuites(TestNG.java:1104)
	at org.testng.TestNG.run(TestNG.java:1076)
	at org.testng.remote.AbstractRemoteTestNG.run(AbstractRemoteTestNG.java:126)
	at org.testng.remote.RemoteTestNG.initAndRun(RemoteTestNG.java:152)
	at org.testng.remote.RemoteTestNG.main(RemoteTestNG.java:57)
Caused by: org.openqa.selenium.firefox.NotConnectedException: Unable to connect to host 127.0.0.1 on port 7055 after 45000 ms. Firefox console output:
,"syncGUID":"b6w_FG_MHSp-","location":"app-global","version":"48.0.2","type":"theme","internalName":"classic/1.0","updateURL":null,"updateKey":null,"optionsURL":null,"optionsType":null,"aboutURL":null,"icons":{"32":"icon.png","48":"icon.png"},"iconURL":null,"icon64URL":null,"defaultLocale":{"name":"Default","description":"The default theme.","creator":"Mozilla","homepageURL":null,"contributors":["Mozilla Contributors"]},"visible":true,"active":true,"userDisabled":false,"appDisabled":false,"descriptor":"C:\\Program Files (x86)\\Mozilla Firefox\\browser\\extensions\\{972ce4c6-7e08-4474-a285-3208198ce6fd}.xpi","installDate":1472018554000,"updateDate":1472018554000,"applyBackgroundUpdates":1,"skinnable":true,"size":21905,"sourceURI":null,"releaseNotesURI":null,"softDisabled":false,"foreignInstall":false,"hasBinaryComponents":false,"strictCompatibility":true,"locales":[],"targetApplications":[{"id":"{ec8030f7-c20a-464f-9b0e-13a3a9e97384}","minVersion":"48.0.2","maxVersion":"48.0.2"}],"targetPlatforms":[],"seen":true}
1474031914908	addons.xpi	DEBUG	getModTime: Recursive scan of {972ce4c6-7e08-4474-a285-3208198ce6fd}
1474031914909	DeferredSave.extensions.json	DEBUG	Save changes
1474031914909	addons.xpi	DEBUG	Updating database with changes to installed add-ons
1474031914909	addons.xpi-utils	DEBUG	Updating add-on states
1474031914910	addons.xpi-utils	DEBUG	Writing add-ons list
1474031914913	addons.xpi	DEBUG	Registering manifest for C:\Program Files (x86)\Mozilla Firefox\browser\features\e10srollout@mozilla.org.xpi
1474031914914	addons.xpi	DEBUG	Calling bootstrap method startup on e10srollout@mozilla.org version 1.1
1474031914914	addons.xpi	DEBUG	Registering manifest for C:\Program Files (x86)\Mozilla Firefox\browser\features\firefox@getpocket.com.xpi
1474031914914	addons.xpi	DEBUG	Calling bootstrap method startup on firefox@getpocket.com version 1.0.4
1474031914915	addons.xpi	DEBUG	Registering manifest for C:\Program Files (x86)\Mozilla Firefox\browser\features\loop@mozilla.org.xpi
1474031914915	addons.xpi	DEBUG	Calling bootstrap method startup on loop@mozilla.org version 1.4.4
1474031914934	addons.manager	DEBUG	Registering shutdown blocker for XPIProvider
1474031914934	addons.manager	DEBUG	Provider finished startup: XPIProvider
1474031914934	addons.manager	DEBUG	Starting provider: LightweightThemeManager
1474031914934	addons.manager	DEBUG	Registering shutdown blocker for LightweightThemeManager
1474031914935	addons.manager	DEBUG	Provider finished startup: LightweightThemeManager
1474031914935	addons.manager	DEBUG	Starting provider: GMPProvider
1474031914940	addons.manager	DEBUG	Registering shutdown blocker for GMPProvider
1474031914941	addons.manager	DEBUG	Provider finished startup: GMPProvider
1474031914941	addons.manager	DEBUG	Starting provider: PluginProvider
1474031914941	addons.manager	DEBUG	Registering shutdown blocker for PluginProvider
1474031914941	addons.manager	DEBUG	Provider finished startup: PluginProvider
1474031914942	addons.manager	DEBUG	Completed startup sequence
1474031915317	addons.manager	DEBUG	Starting provider: <unnamed-provider>
1474031915317	addons.manager	DEBUG	Registering shutdown blocker for <unnamed-provider>
1474031915317	addons.manager	DEBUG	Provider finished startup: <unnamed-provider>
1474031915318	DeferredSave.extensions.json	DEBUG	Starting write
1474031915622	addons.repository	DEBUG	No addons.json found.
1474031915622	DeferredSave.addons.json	DEBUG	Save changes
1474031915627	DeferredSave.addons.json	DEBUG	Starting timer
1474031915659	addons.manager	DEBUG	Starting provider: PreviousExperimentProvider
1474031915659	addons.manager	DEBUG	Registering shutdown blocker for PreviousExperimentProvider
1474031915662	addons.manager	DEBUG	Provider finished startup: PreviousExperimentProvider
1474031915664	DeferredSave.extensions.json	DEBUG	Write succeeded
1474031915665	addons.xpi-utils	DEBUG	XPI Database saved, setting schema version preference to 17
1474031915686	DeferredSave.addons.json	DEBUG	Starting write
1474031915729	DeferredSave.addons.json	DEBUG	Write succeeded

	at org.openqa.selenium.firefox.internal.NewProfileExtensionConnection.start(NewProfileExtensionConnection.java:113)
	... 36 more
]]>
    </error>
  </testcase> <!-- testPodcastThumbDown -->
  <testcase name="testPopularUserFlow" time="0.004" classname="com.buxie.selenium.testNGfun.RunWithTestNG">
    <error type="org.openqa.selenium.WebDriverException" message="Failed to connect to binary FirefoxBinary(C:\Program Files (x86)\Mozilla Firefox\firefox.exe) on port 7055; process output follows: 
,&quot;syncGUID&quot;:&quot;b6w_FG_MHSp-&quot;,&quot;location&quot;:&quot;app-global&quot;,&quot;version&quot;:&quot;48.0.2&quot;,&quot;type&quot;:&quot;theme&quot;,&quot;internalName&quot;:&quot;classic/1.0&quot;,&quot;updateURL&quot;:null,&quot;updateKey&quot;:null,&quot;optionsURL&quot;:null,&quot;optionsType&quot;:null,&quot;aboutURL&quot;:null,&quot;icons&quot;:{&quot;32&quot;:&quot;icon.png&quot;,&quot;48&quot;:&quot;icon.png&quot;},&quot;iconURL&quot;:null,&quot;icon64URL&quot;:null,&quot;defaultLocale&quot;:{&quot;name&quot;:&quot;Default&quot;,&quot;description&quot;:&quot;The default theme.&quot;,&quot;creator&quot;:&quot;Mozilla&quot;,&quot;homepageURL&quot;:null,&quot;contributors&quot;:[&quot;Mozilla Contributors&quot;]},&quot;visible&quot;:true,&quot;active&quot;:true,&quot;userDisabled&quot;:false,&quot;appDisabled&quot;:false,&quot;descriptor&quot;:&quot;C:\\Program Files (x86)\\Mozilla Firefox\\browser\\extensions\\{972ce4c6-7e08-4474-a285-3208198ce6fd}.xpi&quot;,&quot;installDate&quot;:1472018554000,&quot;updateDate&quot;:1472018554000,&quot;applyBackgroundUpdates&quot;:1,&quot;skinnable&quot;:true,&quot;size&quot;:21905,&quot;sourceURI&quot;:null,&quot;releaseNotesURI&quot;:null,&quot;softDisabled&quot;:false,&quot;foreignInstall&quot;:false,&quot;hasBinaryComponents&quot;:false,&quot;strictCompatibility&quot;:true,&quot;locales&quot;:[],&quot;targetApplications&quot;:[{&quot;id&quot;:&quot;{ec8030f7-c20a-464f-9b0e-13a3a9e97384}&quot;,&quot;minVersion&quot;:&quot;48.0.2&quot;,&quot;maxVersion&quot;:&quot;48.0.2&quot;}],&quot;targetPlatforms&quot;:[],&quot;seen&quot;:true}
1474031914908	addons.xpi	DEBUG	getModTime: Recursive scan of {972ce4c6-7e08-4474-a285-3208198ce6fd}
1474031914909	DeferredSave.extensions.json	DEBUG	Save changes
1474031914909	addons.xpi	DEBUG	Updating database with changes to installed add-ons
1474031914909	addons.xpi-utils	DEBUG	Updating add-on states
1474031914910	addons.xpi-utils	DEBUG	Writing add-ons list
1474031914913	addons.xpi	DEBUG	Registering manifest for C:\Program Files (x86)\Mozilla Firefox\browser\features\e10srollout@mozilla.org.xpi
1474031914914	addons.xpi	DEBUG	Calling bootstrap method startup on e10srollout@mozilla.org version 1.1
1474031914914	addons.xpi	DEBUG	Registering manifest for C:\Program Files (x86)\Mozilla Firefox\browser\features\firefox@getpocket.com.xpi
1474031914914	addons.xpi	DEBUG	Calling bootstrap method startup on firefox@getpocket.com version 1.0.4
1474031914915	addons.xpi	DEBUG	Registering manifest for C:\Program Files (x86)\Mozilla Firefox\browser\features\loop@mozilla.org.xpi
1474031914915	addons.xpi	DEBUG	Calling bootstrap method startup on loop@mozilla.org version 1.4.4
1474031914934	addons.manager	DEBUG	Registering shutdown blocker for XPIProvider
1474031914934	addons.manager	DEBUG	Provider finished startup: XPIProvider
1474031914934	addons.manager	DEBUG	Starting provider: LightweightThemeManager
1474031914934	addons.manager	DEBUG	Registering shutdown blocker for LightweightThemeManager
1474031914935	addons.manager	DEBUG	Provider finished startup: LightweightThemeManager
1474031914935	addons.manager	DEBUG	Starting provider: GMPProvider
1474031914940	addons.manager	DEBUG	Registering shutdown blocker for GMPProvider
1474031914941	addons.manager	DEBUG	Provider finished startup: GMPProvider
1474031914941	addons.manager	DEBUG	Starting provider: PluginProvider
1474031914941	addons.manager	DEBUG	Registering shutdown blocker for PluginProvider
1474031914941	addons.manager	DEBUG	Provider finished startup: PluginProvider
1474031914942	addons.manager	DEBUG	Completed startup sequence
1474031915317	addons.manager	DEBUG	Starting provider: &lt;unnamed-provider&gt;
1474031915317	addons.manager	DEBUG	Registering shutdown blocker for &lt;unnamed-provider&gt;
1474031915317	addons.manager	DEBUG	Provider finished startup: &lt;unnamed-provider&gt;
1474031915318	DeferredSave.extensions.json	DEBUG	Starting write
1474031915622	addons.repository	DEBUG	No addons.json found.
1474031915622	DeferredSave.addons.json	DEBUG	Save changes
1474031915627	DeferredSave.addons.json	DEBUG	Starting timer
1474031915659	addons.manager	DEBUG	Starting provider: PreviousExperimentProvider
1474031915659	addons.manager	DEBUG	Registering shutdown blocker for PreviousExperimentProvider
1474031915662	addons.manager	DEBUG	Provider finished startup: PreviousExperimentProvider
1474031915664	DeferredSave.extensions.json	DEBUG	Write succeeded
1474031915665	addons.xpi-utils	DEBUG	XPI Database saved, setting schema version preference to 17
1474031915686	DeferredSave.addons.json	DEBUG	Starting write
1474031915729	DeferredSave.addons.json	DEBUG	Write succeeded

Build info: version: &#039;2.53.0&#039;, revision: &#039;35ae25b1534ae328c771e0856c93e187490ca824&#039;, time: &#039;2016-03-15 10:43:46&#039;
System info: host: &#039;DESKTOP-D75Q99P&#039;, ip: &#039;192.168.1.5&#039;, os.name: &#039;Windows 10&#039;, os.arch: &#039;amd64&#039;, os.version: &#039;10.0&#039;, java.version: &#039;1.8.0_101&#039;
Driver info: driver.version: FirefoxDriver">
      <![CDATA[org.openqa.selenium.WebDriverException: Failed to connect to binary FirefoxBinary(C:\Program Files (x86)\Mozilla Firefox\firefox.exe) on port 7055; process output follows: 
,"syncGUID":"b6w_FG_MHSp-","location":"app-global","version":"48.0.2","type":"theme","internalName":"classic/1.0","updateURL":null,"updateKey":null,"optionsURL":null,"optionsType":null,"aboutURL":null,"icons":{"32":"icon.png","48":"icon.png"},"iconURL":null,"icon64URL":null,"defaultLocale":{"name":"Default","description":"The default theme.","creator":"Mozilla","homepageURL":null,"contributors":["Mozilla Contributors"]},"visible":true,"active":true,"userDisabled":false,"appDisabled":false,"descriptor":"C:\\Program Files (x86)\\Mozilla Firefox\\browser\\extensions\\{972ce4c6-7e08-4474-a285-3208198ce6fd}.xpi","installDate":1472018554000,"updateDate":1472018554000,"applyBackgroundUpdates":1,"skinnable":true,"size":21905,"sourceURI":null,"releaseNotesURI":null,"softDisabled":false,"foreignInstall":false,"hasBinaryComponents":false,"strictCompatibility":true,"locales":[],"targetApplications":[{"id":"{ec8030f7-c20a-464f-9b0e-13a3a9e97384}","minVersion":"48.0.2","maxVersion":"48.0.2"}],"targetPlatforms":[],"seen":true}
1474031914908	addons.xpi	DEBUG	getModTime: Recursive scan of {972ce4c6-7e08-4474-a285-3208198ce6fd}
1474031914909	DeferredSave.extensions.json	DEBUG	Save changes
1474031914909	addons.xpi	DEBUG	Updating database with changes to installed add-ons
1474031914909	addons.xpi-utils	DEBUG	Updating add-on states
1474031914910	addons.xpi-utils	DEBUG	Writing add-ons list
1474031914913	addons.xpi	DEBUG	Registering manifest for C:\Program Files (x86)\Mozilla Firefox\browser\features\e10srollout@mozilla.org.xpi
1474031914914	addons.xpi	DEBUG	Calling bootstrap method startup on e10srollout@mozilla.org version 1.1
1474031914914	addons.xpi	DEBUG	Registering manifest for C:\Program Files (x86)\Mozilla Firefox\browser\features\firefox@getpocket.com.xpi
1474031914914	addons.xpi	DEBUG	Calling bootstrap method startup on firefox@getpocket.com version 1.0.4
1474031914915	addons.xpi	DEBUG	Registering manifest for C:\Program Files (x86)\Mozilla Firefox\browser\features\loop@mozilla.org.xpi
1474031914915	addons.xpi	DEBUG	Calling bootstrap method startup on loop@mozilla.org version 1.4.4
1474031914934	addons.manager	DEBUG	Registering shutdown blocker for XPIProvider
1474031914934	addons.manager	DEBUG	Provider finished startup: XPIProvider
1474031914934	addons.manager	DEBUG	Starting provider: LightweightThemeManager
1474031914934	addons.manager	DEBUG	Registering shutdown blocker for LightweightThemeManager
1474031914935	addons.manager	DEBUG	Provider finished startup: LightweightThemeManager
1474031914935	addons.manager	DEBUG	Starting provider: GMPProvider
1474031914940	addons.manager	DEBUG	Registering shutdown blocker for GMPProvider
1474031914941	addons.manager	DEBUG	Provider finished startup: GMPProvider
1474031914941	addons.manager	DEBUG	Starting provider: PluginProvider
1474031914941	addons.manager	DEBUG	Registering shutdown blocker for PluginProvider
1474031914941	addons.manager	DEBUG	Provider finished startup: PluginProvider
1474031914942	addons.manager	DEBUG	Completed startup sequence
1474031915317	addons.manager	DEBUG	Starting provider: <unnamed-provider>
1474031915317	addons.manager	DEBUG	Registering shutdown blocker for <unnamed-provider>
1474031915317	addons.manager	DEBUG	Provider finished startup: <unnamed-provider>
1474031915318	DeferredSave.extensions.json	DEBUG	Starting write
1474031915622	addons.repository	DEBUG	No addons.json found.
1474031915622	DeferredSave.addons.json	DEBUG	Save changes
1474031915627	DeferredSave.addons.json	DEBUG	Starting timer
1474031915659	addons.manager	DEBUG	Starting provider: PreviousExperimentProvider
1474031915659	addons.manager	DEBUG	Registering shutdown blocker for PreviousExperimentProvider
1474031915662	addons.manager	DEBUG	Provider finished startup: PreviousExperimentProvider
1474031915664	DeferredSave.extensions.json	DEBUG	Write succeeded
1474031915665	addons.xpi-utils	DEBUG	XPI Database saved, setting schema version preference to 17
1474031915686	DeferredSave.addons.json	DEBUG	Starting write
1474031915729	DeferredSave.addons.json	DEBUG	Write succeeded

Build info: version: '2.53.0', revision: '35ae25b1534ae328c771e0856c93e187490ca824', time: '2016-03-15 10:43:46'
System info: host: 'DESKTOP-D75Q99P', ip: '192.168.1.5', os.name: 'Windows 10', os.arch: 'amd64', os.version: '10.0', java.version: '1.8.0_101'
Driver info: driver.version: FirefoxDriver
	at org.openqa.selenium.firefox.internal.NewProfileExtensionConnection.start(NewProfileExtensionConnection.java:125)
	at org.openqa.selenium.firefox.FirefoxDriver.startClient(FirefoxDriver.java:271)
	at org.openqa.selenium.remote.RemoteWebDriver.<init>(RemoteWebDriver.java:119)
	at org.openqa.selenium.firefox.FirefoxDriver.<init>(FirefoxDriver.java:216)
	at org.openqa.selenium.firefox.FirefoxDriver.<init>(FirefoxDriver.java:211)
	at org.openqa.selenium.firefox.FirefoxDriver.<init>(FirefoxDriver.java:207)
	at org.openqa.selenium.firefox.FirefoxDriver.<init>(FirefoxDriver.java:120)
	at com.buxie.selenium.testNGfun.Utils.createWebDriver(Utils.java:62)
	at com.buxie.selenium.testNGfun.Utils.launchBrowser(Utils.java:263)
	at com.buxie.selenium.testNGfun.RunWithTestNG.init(RunWithTestNG.java:54)
	at sun.reflect.NativeMethodAccessorImpl.invoke0(Native Method)
	at sun.reflect.NativeMethodAccessorImpl.invoke(NativeMethodAccessorImpl.java:62)
	at sun.reflect.DelegatingMethodAccessorImpl.invoke(DelegatingMethodAccessorImpl.java:43)
	at java.lang.reflect.Method.invoke(Method.java:498)
	at org.testng.internal.MethodInvocationHelper.invokeMethod(MethodInvocationHelper.java:100)
	at org.testng.internal.Invoker.invokeConfigurationMethod(Invoker.java:515)
	at org.testng.internal.Invoker.invokeConfigurations(Invoker.java:216)
	at org.testng.internal.Invoker.invokeMethod(Invoker.java:590)
	at org.testng.internal.Invoker.invokeTestMethod(Invoker.java:811)
	at org.testng.internal.Invoker.invokeTestMethods(Invoker.java:1129)
	at org.testng.internal.TestMethodWorker.invokeTestMethods(TestMethodWorker.java:129)
	at org.testng.internal.TestMethodWorker.run(TestMethodWorker.java:112)
	at org.testng.TestRunner.privateRun(TestRunner.java:746)
	at org.testng.TestRunner.run(TestRunner.java:600)
	at org.testng.SuiteRunner.runTest(SuiteRunner.java:366)
	at org.testng.SuiteRunner.runSequentially(SuiteRunner.java:361)
	at org.testng.SuiteRunner.privateRun(SuiteRunner.java:319)
	at org.testng.SuiteRunner.run(SuiteRunner.java:268)
	at org.testng.SuiteRunnerWorker.runSuite(SuiteRunnerWorker.java:52)
	at org.testng.SuiteRunnerWorker.run(SuiteRunnerWorker.java:86)
	at org.testng.TestNG.runSuitesSequentially(TestNG.java:1264)
	at org.testng.TestNG.runSuitesLocally(TestNG.java:1189)
	at org.testng.TestNG.runSuites(TestNG.java:1104)
	at org.testng.TestNG.run(TestNG.java:1076)
	at org.testng.remote.AbstractRemoteTestNG.run(AbstractRemoteTestNG.java:126)
	at org.testng.remote.RemoteTestNG.initAndRun(RemoteTestNG.java:152)
	at org.testng.remote.RemoteTestNG.main(RemoteTestNG.java:57)
Caused by: org.openqa.selenium.firefox.NotConnectedException: Unable to connect to host 127.0.0.1 on port 7055 after 45000 ms. Firefox console output:
,"syncGUID":"b6w_FG_MHSp-","location":"app-global","version":"48.0.2","type":"theme","internalName":"classic/1.0","updateURL":null,"updateKey":null,"optionsURL":null,"optionsType":null,"aboutURL":null,"icons":{"32":"icon.png","48":"icon.png"},"iconURL":null,"icon64URL":null,"defaultLocale":{"name":"Default","description":"The default theme.","creator":"Mozilla","homepageURL":null,"contributors":["Mozilla Contributors"]},"visible":true,"active":true,"userDisabled":false,"appDisabled":false,"descriptor":"C:\\Program Files (x86)\\Mozilla Firefox\\browser\\extensions\\{972ce4c6-7e08-4474-a285-3208198ce6fd}.xpi","installDate":1472018554000,"updateDate":1472018554000,"applyBackgroundUpdates":1,"skinnable":true,"size":21905,"sourceURI":null,"releaseNotesURI":null,"softDisabled":false,"foreignInstall":false,"hasBinaryComponents":false,"strictCompatibility":true,"locales":[],"targetApplications":[{"id":"{ec8030f7-c20a-464f-9b0e-13a3a9e97384}","minVersion":"48.0.2","maxVersion":"48.0.2"}],"targetPlatforms":[],"seen":true}
1474031914908	addons.xpi	DEBUG	getModTime: Recursive scan of {972ce4c6-7e08-4474-a285-3208198ce6fd}
1474031914909	DeferredSave.extensions.json	DEBUG	Save changes
1474031914909	addons.xpi	DEBUG	Updating database with changes to installed add-ons
1474031914909	addons.xpi-utils	DEBUG	Updating add-on states
1474031914910	addons.xpi-utils	DEBUG	Writing add-ons list
1474031914913	addons.xpi	DEBUG	Registering manifest for C:\Program Files (x86)\Mozilla Firefox\browser\features\e10srollout@mozilla.org.xpi
1474031914914	addons.xpi	DEBUG	Calling bootstrap method startup on e10srollout@mozilla.org version 1.1
1474031914914	addons.xpi	DEBUG	Registering manifest for C:\Program Files (x86)\Mozilla Firefox\browser\features\firefox@getpocket.com.xpi
1474031914914	addons.xpi	DEBUG	Calling bootstrap method startup on firefox@getpocket.com version 1.0.4
1474031914915	addons.xpi	DEBUG	Registering manifest for C:\Program Files (x86)\Mozilla Firefox\browser\features\loop@mozilla.org.xpi
1474031914915	addons.xpi	DEBUG	Calling bootstrap method startup on loop@mozilla.org version 1.4.4
1474031914934	addons.manager	DEBUG	Registering shutdown blocker for XPIProvider
1474031914934	addons.manager	DEBUG	Provider finished startup: XPIProvider
1474031914934	addons.manager	DEBUG	Starting provider: LightweightThemeManager
1474031914934	addons.manager	DEBUG	Registering shutdown blocker for LightweightThemeManager
1474031914935	addons.manager	DEBUG	Provider finished startup: LightweightThemeManager
1474031914935	addons.manager	DEBUG	Starting provider: GMPProvider
1474031914940	addons.manager	DEBUG	Registering shutdown blocker for GMPProvider
1474031914941	addons.manager	DEBUG	Provider finished startup: GMPProvider
1474031914941	addons.manager	DEBUG	Starting provider: PluginProvider
1474031914941	addons.manager	DEBUG	Registering shutdown blocker for PluginProvider
1474031914941	addons.manager	DEBUG	Provider finished startup: PluginProvider
1474031914942	addons.manager	DEBUG	Completed startup sequence
1474031915317	addons.manager	DEBUG	Starting provider: <unnamed-provider>
1474031915317	addons.manager	DEBUG	Registering shutdown blocker for <unnamed-provider>
1474031915317	addons.manager	DEBUG	Provider finished startup: <unnamed-provider>
1474031915318	DeferredSave.extensions.json	DEBUG	Starting write
1474031915622	addons.repository	DEBUG	No addons.json found.
1474031915622	DeferredSave.addons.json	DEBUG	Save changes
1474031915627	DeferredSave.addons.json	DEBUG	Starting timer
1474031915659	addons.manager	DEBUG	Starting provider: PreviousExperimentProvider
1474031915659	addons.manager	DEBUG	Registering shutdown blocker for PreviousExperimentProvider
1474031915662	addons.manager	DEBUG	Provider finished startup: PreviousExperimentProvider
1474031915664	DeferredSave.extensions.json	DEBUG	Write succeeded
1474031915665	addons.xpi-utils	DEBUG	XPI Database saved, setting schema version preference to 17
1474031915686	DeferredSave.addons.json	DEBUG	Starting write
1474031915729	DeferredSave.addons.json	DEBUG	Write succeeded

	at org.openqa.selenium.firefox.internal.NewProfileExtensionConnection.start(NewProfileExtensionConnection.java:113)
	... 36 more
]]>
    </error>
  </testcase> <!-- testPopularUserFlow -->
  <testcase name="testFavorite" time="0.004" classname="com.buxie.selenium.testNGfun.RunWithTestNG">
    <error type="org.openqa.selenium.WebDriverException" message="Failed to connect to binary FirefoxBinary(C:\Program Files (x86)\Mozilla Firefox\firefox.exe) on port 7055; process output follows: 
,&quot;syncGUID&quot;:&quot;b6w_FG_MHSp-&quot;,&quot;location&quot;:&quot;app-global&quot;,&quot;version&quot;:&quot;48.0.2&quot;,&quot;type&quot;:&quot;theme&quot;,&quot;internalName&quot;:&quot;classic/1.0&quot;,&quot;updateURL&quot;:null,&quot;updateKey&quot;:null,&quot;optionsURL&quot;:null,&quot;optionsType&quot;:null,&quot;aboutURL&quot;:null,&quot;icons&quot;:{&quot;32&quot;:&quot;icon.png&quot;,&quot;48&quot;:&quot;icon.png&quot;},&quot;iconURL&quot;:null,&quot;icon64URL&quot;:null,&quot;defaultLocale&quot;:{&quot;name&quot;:&quot;Default&quot;,&quot;description&quot;:&quot;The default theme.&quot;,&quot;creator&quot;:&quot;Mozilla&quot;,&quot;homepageURL&quot;:null,&quot;contributors&quot;:[&quot;Mozilla Contributors&quot;]},&quot;visible&quot;:true,&quot;active&quot;:true,&quot;userDisabled&quot;:false,&quot;appDisabled&quot;:false,&quot;descriptor&quot;:&quot;C:\\Program Files (x86)\\Mozilla Firefox\\browser\\extensions\\{972ce4c6-7e08-4474-a285-3208198ce6fd}.xpi&quot;,&quot;installDate&quot;:1472018554000,&quot;updateDate&quot;:1472018554000,&quot;applyBackgroundUpdates&quot;:1,&quot;skinnable&quot;:true,&quot;size&quot;:21905,&quot;sourceURI&quot;:null,&quot;releaseNotesURI&quot;:null,&quot;softDisabled&quot;:false,&quot;foreignInstall&quot;:false,&quot;hasBinaryComponents&quot;:false,&quot;strictCompatibility&quot;:true,&quot;locales&quot;:[],&quot;targetApplications&quot;:[{&quot;id&quot;:&quot;{ec8030f7-c20a-464f-9b0e-13a3a9e97384}&quot;,&quot;minVersion&quot;:&quot;48.0.2&quot;,&quot;maxVersion&quot;:&quot;48.0.2&quot;}],&quot;targetPlatforms&quot;:[],&quot;seen&quot;:true}
1474031914908	addons.xpi	DEBUG	getModTime: Recursive scan of {972ce4c6-7e08-4474-a285-3208198ce6fd}
1474031914909	DeferredSave.extensions.json	DEBUG	Save changes
1474031914909	addons.xpi	DEBUG	Updating database with changes to installed add-ons
1474031914909	addons.xpi-utils	DEBUG	Updating add-on states
1474031914910	addons.xpi-utils	DEBUG	Writing add-ons list
1474031914913	addons.xpi	DEBUG	Registering manifest for C:\Program Files (x86)\Mozilla Firefox\browser\features\e10srollout@mozilla.org.xpi
1474031914914	addons.xpi	DEBUG	Calling bootstrap method startup on e10srollout@mozilla.org version 1.1
1474031914914	addons.xpi	DEBUG	Registering manifest for C:\Program Files (x86)\Mozilla Firefox\browser\features\firefox@getpocket.com.xpi
1474031914914	addons.xpi	DEBUG	Calling bootstrap method startup on firefox@getpocket.com version 1.0.4
1474031914915	addons.xpi	DEBUG	Registering manifest for C:\Program Files (x86)\Mozilla Firefox\browser\features\loop@mozilla.org.xpi
1474031914915	addons.xpi	DEBUG	Calling bootstrap method startup on loop@mozilla.org version 1.4.4
1474031914934	addons.manager	DEBUG	Registering shutdown blocker for XPIProvider
1474031914934	addons.manager	DEBUG	Provider finished startup: XPIProvider
1474031914934	addons.manager	DEBUG	Starting provider: LightweightThemeManager
1474031914934	addons.manager	DEBUG	Registering shutdown blocker for LightweightThemeManager
1474031914935	addons.manager	DEBUG	Provider finished startup: LightweightThemeManager
1474031914935	addons.manager	DEBUG	Starting provider: GMPProvider
1474031914940	addons.manager	DEBUG	Registering shutdown blocker for GMPProvider
1474031914941	addons.manager	DEBUG	Provider finished startup: GMPProvider
1474031914941	addons.manager	DEBUG	Starting provider: PluginProvider
1474031914941	addons.manager	DEBUG	Registering shutdown blocker for PluginProvider
1474031914941	addons.manager	DEBUG	Provider finished startup: PluginProvider
1474031914942	addons.manager	DEBUG	Completed startup sequence
1474031915317	addons.manager	DEBUG	Starting provider: &lt;unnamed-provider&gt;
1474031915317	addons.manager	DEBUG	Registering shutdown blocker for &lt;unnamed-provider&gt;
1474031915317	addons.manager	DEBUG	Provider finished startup: &lt;unnamed-provider&gt;
1474031915318	DeferredSave.extensions.json	DEBUG	Starting write
1474031915622	addons.repository	DEBUG	No addons.json found.
1474031915622	DeferredSave.addons.json	DEBUG	Save changes
1474031915627	DeferredSave.addons.json	DEBUG	Starting timer
1474031915659	addons.manager	DEBUG	Starting provider: PreviousExperimentProvider
1474031915659	addons.manager	DEBUG	Registering shutdown blocker for PreviousExperimentProvider
1474031915662	addons.manager	DEBUG	Provider finished startup: PreviousExperimentProvider
1474031915664	DeferredSave.extensions.json	DEBUG	Write succeeded
1474031915665	addons.xpi-utils	DEBUG	XPI Database saved, setting schema version preference to 17
1474031915686	DeferredSave.addons.json	DEBUG	Starting write
1474031915729	DeferredSave.addons.json	DEBUG	Write succeeded

Build info: version: &#039;2.53.0&#039;, revision: &#039;35ae25b1534ae328c771e0856c93e187490ca824&#039;, time: &#039;2016-03-15 10:43:46&#039;
System info: host: &#039;DESKTOP-D75Q99P&#039;, ip: &#039;192.168.1.5&#039;, os.name: &#039;Windows 10&#039;, os.arch: &#039;amd64&#039;, os.version: &#039;10.0&#039;, java.version: &#039;1.8.0_101&#039;
Driver info: driver.version: FirefoxDriver">
      <![CDATA[org.openqa.selenium.WebDriverException: Failed to connect to binary FirefoxBinary(C:\Program Files (x86)\Mozilla Firefox\firefox.exe) on port 7055; process output follows: 
,"syncGUID":"b6w_FG_MHSp-","location":"app-global","version":"48.0.2","type":"theme","internalName":"classic/1.0","updateURL":null,"updateKey":null,"optionsURL":null,"optionsType":null,"aboutURL":null,"icons":{"32":"icon.png","48":"icon.png"},"iconURL":null,"icon64URL":null,"defaultLocale":{"name":"Default","description":"The default theme.","creator":"Mozilla","homepageURL":null,"contributors":["Mozilla Contributors"]},"visible":true,"active":true,"userDisabled":false,"appDisabled":false,"descriptor":"C:\\Program Files (x86)\\Mozilla Firefox\\browser\\extensions\\{972ce4c6-7e08-4474-a285-3208198ce6fd}.xpi","installDate":1472018554000,"updateDate":1472018554000,"applyBackgroundUpdates":1,"skinnable":true,"size":21905,"sourceURI":null,"releaseNotesURI":null,"softDisabled":false,"foreignInstall":false,"hasBinaryComponents":false,"strictCompatibility":true,"locales":[],"targetApplications":[{"id":"{ec8030f7-c20a-464f-9b0e-13a3a9e97384}","minVersion":"48.0.2","maxVersion":"48.0.2"}],"targetPlatforms":[],"seen":true}
1474031914908	addons.xpi	DEBUG	getModTime: Recursive scan of {972ce4c6-7e08-4474-a285-3208198ce6fd}
1474031914909	DeferredSave.extensions.json	DEBUG	Save changes
1474031914909	addons.xpi	DEBUG	Updating database with changes to installed add-ons
1474031914909	addons.xpi-utils	DEBUG	Updating add-on states
1474031914910	addons.xpi-utils	DEBUG	Writing add-ons list
1474031914913	addons.xpi	DEBUG	Registering manifest for C:\Program Files (x86)\Mozilla Firefox\browser\features\e10srollout@mozilla.org.xpi
1474031914914	addons.xpi	DEBUG	Calling bootstrap method startup on e10srollout@mozilla.org version 1.1
1474031914914	addons.xpi	DEBUG	Registering manifest for C:\Program Files (x86)\Mozilla Firefox\browser\features\firefox@getpocket.com.xpi
1474031914914	addons.xpi	DEBUG	Calling bootstrap method startup on firefox@getpocket.com version 1.0.4
1474031914915	addons.xpi	DEBUG	Registering manifest for C:\Program Files (x86)\Mozilla Firefox\browser\features\loop@mozilla.org.xpi
1474031914915	addons.xpi	DEBUG	Calling bootstrap method startup on loop@mozilla.org version 1.4.4
1474031914934	addons.manager	DEBUG	Registering shutdown blocker for XPIProvider
1474031914934	addons.manager	DEBUG	Provider finished startup: XPIProvider
1474031914934	addons.manager	DEBUG	Starting provider: LightweightThemeManager
1474031914934	addons.manager	DEBUG	Registering shutdown blocker for LightweightThemeManager
1474031914935	addons.manager	DEBUG	Provider finished startup: LightweightThemeManager
1474031914935	addons.manager	DEBUG	Starting provider: GMPProvider
1474031914940	addons.manager	DEBUG	Registering shutdown blocker for GMPProvider
1474031914941	addons.manager	DEBUG	Provider finished startup: GMPProvider
1474031914941	addons.manager	DEBUG	Starting provider: PluginProvider
1474031914941	addons.manager	DEBUG	Registering shutdown blocker for PluginProvider
1474031914941	addons.manager	DEBUG	Provider finished startup: PluginProvider
1474031914942	addons.manager	DEBUG	Completed startup sequence
1474031915317	addons.manager	DEBUG	Starting provider: <unnamed-provider>
1474031915317	addons.manager	DEBUG	Registering shutdown blocker for <unnamed-provider>
1474031915317	addons.manager	DEBUG	Provider finished startup: <unnamed-provider>
1474031915318	DeferredSave.extensions.json	DEBUG	Starting write
1474031915622	addons.repository	DEBUG	No addons.json found.
1474031915622	DeferredSave.addons.json	DEBUG	Save changes
1474031915627	DeferredSave.addons.json	DEBUG	Starting timer
1474031915659	addons.manager	DEBUG	Starting provider: PreviousExperimentProvider
1474031915659	addons.manager	DEBUG	Registering shutdown blocker for PreviousExperimentProvider
1474031915662	addons.manager	DEBUG	Provider finished startup: PreviousExperimentProvider
1474031915664	DeferredSave.extensions.json	DEBUG	Write succeeded
1474031915665	addons.xpi-utils	DEBUG	XPI Database saved, setting schema version preference to 17
1474031915686	DeferredSave.addons.json	DEBUG	Starting write
1474031915729	DeferredSave.addons.json	DEBUG	Write succeeded

Build info: version: '2.53.0', revision: '35ae25b1534ae328c771e0856c93e187490ca824', time: '2016-03-15 10:43:46'
System info: host: 'DESKTOP-D75Q99P', ip: '192.168.1.5', os.name: 'Windows 10', os.arch: 'amd64', os.version: '10.0', java.version: '1.8.0_101'
Driver info: driver.version: FirefoxDriver
	at org.openqa.selenium.firefox.internal.NewProfileExtensionConnection.start(NewProfileExtensionConnection.java:125)
	at org.openqa.selenium.firefox.FirefoxDriver.startClient(FirefoxDriver.java:271)
	at org.openqa.selenium.remote.RemoteWebDriver.<init>(RemoteWebDriver.java:119)
	at org.openqa.selenium.firefox.FirefoxDriver.<init>(FirefoxDriver.java:216)
	at org.openqa.selenium.firefox.FirefoxDriver.<init>(FirefoxDriver.java:211)
	at org.openqa.selenium.firefox.FirefoxDriver.<init>(FirefoxDriver.java:207)
	at org.openqa.selenium.firefox.FirefoxDriver.<init>(FirefoxDriver.java:120)
	at com.buxie.selenium.testNGfun.Utils.createWebDriver(Utils.java:62)
	at com.buxie.selenium.testNGfun.Utils.launchBrowser(Utils.java:263)
	at com.buxie.selenium.testNGfun.RunWithTestNG.init(RunWithTestNG.java:54)
	at sun.reflect.NativeMethodAccessorImpl.invoke0(Native Method)
	at sun.reflect.NativeMethodAccessorImpl.invoke(NativeMethodAccessorImpl.java:62)
	at sun.reflect.DelegatingMethodAccessorImpl.invoke(DelegatingMethodAccessorImpl.java:43)
	at java.lang.reflect.Method.invoke(Method.java:498)
	at org.testng.internal.MethodInvocationHelper.invokeMethod(MethodInvocationHelper.java:100)
	at org.testng.internal.Invoker.invokeConfigurationMethod(Invoker.java:515)
	at org.testng.internal.Invoker.invokeConfigurations(Invoker.java:216)
	at org.testng.internal.Invoker.invokeMethod(Invoker.java:590)
	at org.testng.internal.Invoker.invokeTestMethod(Invoker.java:811)
	at org.testng.internal.Invoker.invokeTestMethods(Invoker.java:1129)
	at org.testng.internal.TestMethodWorker.invokeTestMethods(TestMethodWorker.java:129)
	at org.testng.internal.TestMethodWorker.run(TestMethodWorker.java:112)
	at org.testng.TestRunner.privateRun(TestRunner.java:746)
	at org.testng.TestRunner.run(TestRunner.java:600)
	at org.testng.SuiteRunner.runTest(SuiteRunner.java:366)
	at org.testng.SuiteRunner.runSequentially(SuiteRunner.java:361)
	at org.testng.SuiteRunner.privateRun(SuiteRunner.java:319)
	at org.testng.SuiteRunner.run(SuiteRunner.java:268)
	at org.testng.SuiteRunnerWorker.runSuite(SuiteRunnerWorker.java:52)
	at org.testng.SuiteRunnerWorker.run(SuiteRunnerWorker.java:86)
	at org.testng.TestNG.runSuitesSequentially(TestNG.java:1264)
	at org.testng.TestNG.runSuitesLocally(TestNG.java:1189)
	at org.testng.TestNG.runSuites(TestNG.java:1104)
	at org.testng.TestNG.run(TestNG.java:1076)
	at org.testng.remote.AbstractRemoteTestNG.run(AbstractRemoteTestNG.java:126)
	at org.testng.remote.RemoteTestNG.initAndRun(RemoteTestNG.java:152)
	at org.testng.remote.RemoteTestNG.main(RemoteTestNG.java:57)
Caused by: org.openqa.selenium.firefox.NotConnectedException: Unable to connect to host 127.0.0.1 on port 7055 after 45000 ms. Firefox console output:
,"syncGUID":"b6w_FG_MHSp-","location":"app-global","version":"48.0.2","type":"theme","internalName":"classic/1.0","updateURL":null,"updateKey":null,"optionsURL":null,"optionsType":null,"aboutURL":null,"icons":{"32":"icon.png","48":"icon.png"},"iconURL":null,"icon64URL":null,"defaultLocale":{"name":"Default","description":"The default theme.","creator":"Mozilla","homepageURL":null,"contributors":["Mozilla Contributors"]},"visible":true,"active":true,"userDisabled":false,"appDisabled":false,"descriptor":"C:\\Program Files (x86)\\Mozilla Firefox\\browser\\extensions\\{972ce4c6-7e08-4474-a285-3208198ce6fd}.xpi","installDate":1472018554000,"updateDate":1472018554000,"applyBackgroundUpdates":1,"skinnable":true,"size":21905,"sourceURI":null,"releaseNotesURI":null,"softDisabled":false,"foreignInstall":false,"hasBinaryComponents":false,"strictCompatibility":true,"locales":[],"targetApplications":[{"id":"{ec8030f7-c20a-464f-9b0e-13a3a9e97384}","minVersion":"48.0.2","maxVersion":"48.0.2"}],"targetPlatforms":[],"seen":true}
1474031914908	addons.xpi	DEBUG	getModTime: Recursive scan of {972ce4c6-7e08-4474-a285-3208198ce6fd}
1474031914909	DeferredSave.extensions.json	DEBUG	Save changes
1474031914909	addons.xpi	DEBUG	Updating database with changes to installed add-ons
1474031914909	addons.xpi-utils	DEBUG	Updating add-on states
1474031914910	addons.xpi-utils	DEBUG	Writing add-ons list
1474031914913	addons.xpi	DEBUG	Registering manifest for C:\Program Files (x86)\Mozilla Firefox\browser\features\e10srollout@mozilla.org.xpi
1474031914914	addons.xpi	DEBUG	Calling bootstrap method startup on e10srollout@mozilla.org version 1.1
1474031914914	addons.xpi	DEBUG	Registering manifest for C:\Program Files (x86)\Mozilla Firefox\browser\features\firefox@getpocket.com.xpi
1474031914914	addons.xpi	DEBUG	Calling bootstrap method startup on firefox@getpocket.com version 1.0.4
1474031914915	addons.xpi	DEBUG	Registering manifest for C:\Program Files (x86)\Mozilla Firefox\browser\features\loop@mozilla.org.xpi
1474031914915	addons.xpi	DEBUG	Calling bootstrap method startup on loop@mozilla.org version 1.4.4
1474031914934	addons.manager	DEBUG	Registering shutdown blocker for XPIProvider
1474031914934	addons.manager	DEBUG	Provider finished startup: XPIProvider
1474031914934	addons.manager	DEBUG	Starting provider: LightweightThemeManager
1474031914934	addons.manager	DEBUG	Registering shutdown blocker for LightweightThemeManager
1474031914935	addons.manager	DEBUG	Provider finished startup: LightweightThemeManager
1474031914935	addons.manager	DEBUG	Starting provider: GMPProvider
1474031914940	addons.manager	DEBUG	Registering shutdown blocker for GMPProvider
1474031914941	addons.manager	DEBUG	Provider finished startup: GMPProvider
1474031914941	addons.manager	DEBUG	Starting provider: PluginProvider
1474031914941	addons.manager	DEBUG	Registering shutdown blocker for PluginProvider
1474031914941	addons.manager	DEBUG	Provider finished startup: PluginProvider
1474031914942	addons.manager	DEBUG	Completed startup sequence
1474031915317	addons.manager	DEBUG	Starting provider: <unnamed-provider>
1474031915317	addons.manager	DEBUG	Registering shutdown blocker for <unnamed-provider>
1474031915317	addons.manager	DEBUG	Provider finished startup: <unnamed-provider>
1474031915318	DeferredSave.extensions.json	DEBUG	Starting write
1474031915622	addons.repository	DEBUG	No addons.json found.
1474031915622	DeferredSave.addons.json	DEBUG	Save changes
1474031915627	DeferredSave.addons.json	DEBUG	Starting timer
1474031915659	addons.manager	DEBUG	Starting provider: PreviousExperimentProvider
1474031915659	addons.manager	DEBUG	Registering shutdown blocker for PreviousExperimentProvider
1474031915662	addons.manager	DEBUG	Provider finished startup: PreviousExperimentProvider
1474031915664	DeferredSave.extensions.json	DEBUG	Write succeeded
1474031915665	addons.xpi-utils	DEBUG	XPI Database saved, setting schema version preference to 17
1474031915686	DeferredSave.addons.json	DEBUG	Starting write
1474031915729	DeferredSave.addons.json	DEBUG	Write succeeded

	at org.openqa.selenium.firefox.internal.NewProfileExtensionConnection.start(NewProfileExtensionConnection.java:113)
	... 36 more
]]>
    </error>
  </testcase> <!-- testFavorite -->
  <testcase name="testSearchJoshInAll" time="0.005" classname="com.buxie.selenium.testNGfun.RunWithTestNG">
    <error type="org.openqa.selenium.WebDriverException" message="Failed to connect to binary FirefoxBinary(C:\Program Files (x86)\Mozilla Firefox\firefox.exe) on port 7055; process output follows: 
,&quot;syncGUID&quot;:&quot;b6w_FG_MHSp-&quot;,&quot;location&quot;:&quot;app-global&quot;,&quot;version&quot;:&quot;48.0.2&quot;,&quot;type&quot;:&quot;theme&quot;,&quot;internalName&quot;:&quot;classic/1.0&quot;,&quot;updateURL&quot;:null,&quot;updateKey&quot;:null,&quot;optionsURL&quot;:null,&quot;optionsType&quot;:null,&quot;aboutURL&quot;:null,&quot;icons&quot;:{&quot;32&quot;:&quot;icon.png&quot;,&quot;48&quot;:&quot;icon.png&quot;},&quot;iconURL&quot;:null,&quot;icon64URL&quot;:null,&quot;defaultLocale&quot;:{&quot;name&quot;:&quot;Default&quot;,&quot;description&quot;:&quot;The default theme.&quot;,&quot;creator&quot;:&quot;Mozilla&quot;,&quot;homepageURL&quot;:null,&quot;contributors&quot;:[&quot;Mozilla Contributors&quot;]},&quot;visible&quot;:true,&quot;active&quot;:true,&quot;userDisabled&quot;:false,&quot;appDisabled&quot;:false,&quot;descriptor&quot;:&quot;C:\\Program Files (x86)\\Mozilla Firefox\\browser\\extensions\\{972ce4c6-7e08-4474-a285-3208198ce6fd}.xpi&quot;,&quot;installDate&quot;:1472018554000,&quot;updateDate&quot;:1472018554000,&quot;applyBackgroundUpdates&quot;:1,&quot;skinnable&quot;:true,&quot;size&quot;:21905,&quot;sourceURI&quot;:null,&quot;releaseNotesURI&quot;:null,&quot;softDisabled&quot;:false,&quot;foreignInstall&quot;:false,&quot;hasBinaryComponents&quot;:false,&quot;strictCompatibility&quot;:true,&quot;locales&quot;:[],&quot;targetApplications&quot;:[{&quot;id&quot;:&quot;{ec8030f7-c20a-464f-9b0e-13a3a9e97384}&quot;,&quot;minVersion&quot;:&quot;48.0.2&quot;,&quot;maxVersion&quot;:&quot;48.0.2&quot;}],&quot;targetPlatforms&quot;:[],&quot;seen&quot;:true}
1474031914908	addons.xpi	DEBUG	getModTime: Recursive scan of {972ce4c6-7e08-4474-a285-3208198ce6fd}
1474031914909	DeferredSave.extensions.json	DEBUG	Save changes
1474031914909	addons.xpi	DEBUG	Updating database with changes to installed add-ons
1474031914909	addons.xpi-utils	DEBUG	Updating add-on states
1474031914910	addons.xpi-utils	DEBUG	Writing add-ons list
1474031914913	addons.xpi	DEBUG	Registering manifest for C:\Program Files (x86)\Mozilla Firefox\browser\features\e10srollout@mozilla.org.xpi
1474031914914	addons.xpi	DEBUG	Calling bootstrap method startup on e10srollout@mozilla.org version 1.1
1474031914914	addons.xpi	DEBUG	Registering manifest for C:\Program Files (x86)\Mozilla Firefox\browser\features\firefox@getpocket.com.xpi
1474031914914	addons.xpi	DEBUG	Calling bootstrap method startup on firefox@getpocket.com version 1.0.4
1474031914915	addons.xpi	DEBUG	Registering manifest for C:\Program Files (x86)\Mozilla Firefox\browser\features\loop@mozilla.org.xpi
1474031914915	addons.xpi	DEBUG	Calling bootstrap method startup on loop@mozilla.org version 1.4.4
1474031914934	addons.manager	DEBUG	Registering shutdown blocker for XPIProvider
1474031914934	addons.manager	DEBUG	Provider finished startup: XPIProvider
1474031914934	addons.manager	DEBUG	Starting provider: LightweightThemeManager
1474031914934	addons.manager	DEBUG	Registering shutdown blocker for LightweightThemeManager
1474031914935	addons.manager	DEBUG	Provider finished startup: LightweightThemeManager
1474031914935	addons.manager	DEBUG	Starting provider: GMPProvider
1474031914940	addons.manager	DEBUG	Registering shutdown blocker for GMPProvider
1474031914941	addons.manager	DEBUG	Provider finished startup: GMPProvider
1474031914941	addons.manager	DEBUG	Starting provider: PluginProvider
1474031914941	addons.manager	DEBUG	Registering shutdown blocker for PluginProvider
1474031914941	addons.manager	DEBUG	Provider finished startup: PluginProvider
1474031914942	addons.manager	DEBUG	Completed startup sequence
1474031915317	addons.manager	DEBUG	Starting provider: &lt;unnamed-provider&gt;
1474031915317	addons.manager	DEBUG	Registering shutdown blocker for &lt;unnamed-provider&gt;
1474031915317	addons.manager	DEBUG	Provider finished startup: &lt;unnamed-provider&gt;
1474031915318	DeferredSave.extensions.json	DEBUG	Starting write
1474031915622	addons.repository	DEBUG	No addons.json found.
1474031915622	DeferredSave.addons.json	DEBUG	Save changes
1474031915627	DeferredSave.addons.json	DEBUG	Starting timer
1474031915659	addons.manager	DEBUG	Starting provider: PreviousExperimentProvider
1474031915659	addons.manager	DEBUG	Registering shutdown blocker for PreviousExperimentProvider
1474031915662	addons.manager	DEBUG	Provider finished startup: PreviousExperimentProvider
1474031915664	DeferredSave.extensions.json	DEBUG	Write succeeded
1474031915665	addons.xpi-utils	DEBUG	XPI Database saved, setting schema version preference to 17
1474031915686	DeferredSave.addons.json	DEBUG	Starting write
1474031915729	DeferredSave.addons.json	DEBUG	Write succeeded

Build info: version: &#039;2.53.0&#039;, revision: &#039;35ae25b1534ae328c771e0856c93e187490ca824&#039;, time: &#039;2016-03-15 10:43:46&#039;
System info: host: &#039;DESKTOP-D75Q99P&#039;, ip: &#039;192.168.1.5&#039;, os.name: &#039;Windows 10&#039;, os.arch: &#039;amd64&#039;, os.version: &#039;10.0&#039;, java.version: &#039;1.8.0_101&#039;
Driver info: driver.version: FirefoxDriver">
      <![CDATA[org.openqa.selenium.WebDriverException: Failed to connect to binary FirefoxBinary(C:\Program Files (x86)\Mozilla Firefox\firefox.exe) on port 7055; process output follows: 
,"syncGUID":"b6w_FG_MHSp-","location":"app-global","version":"48.0.2","type":"theme","internalName":"classic/1.0","updateURL":null,"updateKey":null,"optionsURL":null,"optionsType":null,"aboutURL":null,"icons":{"32":"icon.png","48":"icon.png"},"iconURL":null,"icon64URL":null,"defaultLocale":{"name":"Default","description":"The default theme.","creator":"Mozilla","homepageURL":null,"contributors":["Mozilla Contributors"]},"visible":true,"active":true,"userDisabled":false,"appDisabled":false,"descriptor":"C:\\Program Files (x86)\\Mozilla Firefox\\browser\\extensions\\{972ce4c6-7e08-4474-a285-3208198ce6fd}.xpi","installDate":1472018554000,"updateDate":1472018554000,"applyBackgroundUpdates":1,"skinnable":true,"size":21905,"sourceURI":null,"releaseNotesURI":null,"softDisabled":false,"foreignInstall":false,"hasBinaryComponents":false,"strictCompatibility":true,"locales":[],"targetApplications":[{"id":"{ec8030f7-c20a-464f-9b0e-13a3a9e97384}","minVersion":"48.0.2","maxVersion":"48.0.2"}],"targetPlatforms":[],"seen":true}
1474031914908	addons.xpi	DEBUG	getModTime: Recursive scan of {972ce4c6-7e08-4474-a285-3208198ce6fd}
1474031914909	DeferredSave.extensions.json	DEBUG	Save changes
1474031914909	addons.xpi	DEBUG	Updating database with changes to installed add-ons
1474031914909	addons.xpi-utils	DEBUG	Updating add-on states
1474031914910	addons.xpi-utils	DEBUG	Writing add-ons list
1474031914913	addons.xpi	DEBUG	Registering manifest for C:\Program Files (x86)\Mozilla Firefox\browser\features\e10srollout@mozilla.org.xpi
1474031914914	addons.xpi	DEBUG	Calling bootstrap method startup on e10srollout@mozilla.org version 1.1
1474031914914	addons.xpi	DEBUG	Registering manifest for C:\Program Files (x86)\Mozilla Firefox\browser\features\firefox@getpocket.com.xpi
1474031914914	addons.xpi	DEBUG	Calling bootstrap method startup on firefox@getpocket.com version 1.0.4
1474031914915	addons.xpi	DEBUG	Registering manifest for C:\Program Files (x86)\Mozilla Firefox\browser\features\loop@mozilla.org.xpi
1474031914915	addons.xpi	DEBUG	Calling bootstrap method startup on loop@mozilla.org version 1.4.4
1474031914934	addons.manager	DEBUG	Registering shutdown blocker for XPIProvider
1474031914934	addons.manager	DEBUG	Provider finished startup: XPIProvider
1474031914934	addons.manager	DEBUG	Starting provider: LightweightThemeManager
1474031914934	addons.manager	DEBUG	Registering shutdown blocker for LightweightThemeManager
1474031914935	addons.manager	DEBUG	Provider finished startup: LightweightThemeManager
1474031914935	addons.manager	DEBUG	Starting provider: GMPProvider
1474031914940	addons.manager	DEBUG	Registering shutdown blocker for GMPProvider
1474031914941	addons.manager	DEBUG	Provider finished startup: GMPProvider
1474031914941	addons.manager	DEBUG	Starting provider: PluginProvider
1474031914941	addons.manager	DEBUG	Registering shutdown blocker for PluginProvider
1474031914941	addons.manager	DEBUG	Provider finished startup: PluginProvider
1474031914942	addons.manager	DEBUG	Completed startup sequence
1474031915317	addons.manager	DEBUG	Starting provider: <unnamed-provider>
1474031915317	addons.manager	DEBUG	Registering shutdown blocker for <unnamed-provider>
1474031915317	addons.manager	DEBUG	Provider finished startup: <unnamed-provider>
1474031915318	DeferredSave.extensions.json	DEBUG	Starting write
1474031915622	addons.repository	DEBUG	No addons.json found.
1474031915622	DeferredSave.addons.json	DEBUG	Save changes
1474031915627	DeferredSave.addons.json	DEBUG	Starting timer
1474031915659	addons.manager	DEBUG	Starting provider: PreviousExperimentProvider
1474031915659	addons.manager	DEBUG	Registering shutdown blocker for PreviousExperimentProvider
1474031915662	addons.manager	DEBUG	Provider finished startup: PreviousExperimentProvider
1474031915664	DeferredSave.extensions.json	DEBUG	Write succeeded
1474031915665	addons.xpi-utils	DEBUG	XPI Database saved, setting schema version preference to 17
1474031915686	DeferredSave.addons.json	DEBUG	Starting write
1474031915729	DeferredSave.addons.json	DEBUG	Write succeeded

Build info: version: '2.53.0', revision: '35ae25b1534ae328c771e0856c93e187490ca824', time: '2016-03-15 10:43:46'
System info: host: 'DESKTOP-D75Q99P', ip: '192.168.1.5', os.name: 'Windows 10', os.arch: 'amd64', os.version: '10.0', java.version: '1.8.0_101'
Driver info: driver.version: FirefoxDriver
	at org.openqa.selenium.firefox.internal.NewProfileExtensionConnection.start(NewProfileExtensionConnection.java:125)
	at org.openqa.selenium.firefox.FirefoxDriver.startClient(FirefoxDriver.java:271)
	at org.openqa.selenium.remote.RemoteWebDriver.<init>(RemoteWebDriver.java:119)
	at org.openqa.selenium.firefox.FirefoxDriver.<init>(FirefoxDriver.java:216)
	at org.openqa.selenium.firefox.FirefoxDriver.<init>(FirefoxDriver.java:211)
	at org.openqa.selenium.firefox.FirefoxDriver.<init>(FirefoxDriver.java:207)
	at org.openqa.selenium.firefox.FirefoxDriver.<init>(FirefoxDriver.java:120)
	at com.buxie.selenium.testNGfun.Utils.createWebDriver(Utils.java:62)
	at com.buxie.selenium.testNGfun.Utils.launchBrowser(Utils.java:263)
	at com.buxie.selenium.testNGfun.RunWithTestNG.init(RunWithTestNG.java:54)
	at sun.reflect.NativeMethodAccessorImpl.invoke0(Native Method)
	at sun.reflect.NativeMethodAccessorImpl.invoke(NativeMethodAccessorImpl.java:62)
	at sun.reflect.DelegatingMethodAccessorImpl.invoke(DelegatingMethodAccessorImpl.java:43)
	at java.lang.reflect.Method.invoke(Method.java:498)
	at org.testng.internal.MethodInvocationHelper.invokeMethod(MethodInvocationHelper.java:100)
	at org.testng.internal.Invoker.invokeConfigurationMethod(Invoker.java:515)
	at org.testng.internal.Invoker.invokeConfigurations(Invoker.java:216)
	at org.testng.internal.Invoker.invokeMethod(Invoker.java:590)
	at org.testng.internal.Invoker.invokeTestMethod(Invoker.java:811)
	at org.testng.internal.Invoker.invokeTestMethods(Invoker.java:1129)
	at org.testng.internal.TestMethodWorker.invokeTestMethods(TestMethodWorker.java:129)
	at org.testng.internal.TestMethodWorker.run(TestMethodWorker.java:112)
	at org.testng.TestRunner.privateRun(TestRunner.java:746)
	at org.testng.TestRunner.run(TestRunner.java:600)
	at org.testng.SuiteRunner.runTest(SuiteRunner.java:366)
	at org.testng.SuiteRunner.runSequentially(SuiteRunner.java:361)
	at org.testng.SuiteRunner.privateRun(SuiteRunner.java:319)
	at org.testng.SuiteRunner.run(SuiteRunner.java:268)
	at org.testng.SuiteRunnerWorker.runSuite(SuiteRunnerWorker.java:52)
	at org.testng.SuiteRunnerWorker.run(SuiteRunnerWorker.java:86)
	at org.testng.TestNG.runSuitesSequentially(TestNG.java:1264)
[...]
1474031914909	addons.xpi-utils	DEBUG	Updating add-on states
1474031914910	addons.xpi-utils	DEBUG	Writing add-ons list
1474031914913	addons.xpi	DEBUG	Registering manifest for C:\Program Files (x86)\Mozilla Firefox\browser\features\e10srollout@mozilla.org.xpi
1474031914914	addons.xpi	DEBUG	Calling bootstrap method startup on e10srollout@mozilla.org version 1.1
1474031914914	addons.xpi	DEBUG	Registering manifest for C:\Program Files (x86)\Mozilla Firefox\browser\features\firefox@getpocket.com.xpi
1474031914914	addons.xpi	DEBUG	Calling bootstrap method startup on firefox@getpocket.com version 1.0.4
1474031914915	addons.xpi	DEBUG	Registering manifest for C:\Program Files (x86)\Mozilla Firefox\browser\features\loop@mozilla.org.xpi
1474031914915	addons.xpi	DEBUG	Calling bootstrap method startup on loop@mozilla.org version 1.4.4
1474031914934	addons.manager	DEBUG	Registering shutdown blocker for XPIProvider
1474031914934	addons.manager	DEBUG	Provider finished startup: XPIProvider
1474031914934	addons.manager	DEBUG	Starting provider: LightweightThemeManager
1474031914934	addons.manager	DEBUG	Registering shutdown blocker for LightweightThemeManager
1474031914935	addons.manager	DEBUG	Provider finished startup: LightweightThemeManager
1474031914935	addons.manager	DEBUG	Starting provider: GMPProvider
1474031914940	addons.manager	DEBUG	Registering shutdown blocker for GMPProvider
1474031914941	addons.manager	DEBUG	Provider finished startup: GMPProvider
1474031914941	addons.manager	DEBUG	Starting provider: PluginProvider
1474031914941	addons.manager	DEBUG	Registering shutdown blocker for PluginProvider
1474031914941	addons.manager	DEBUG	Provider finished startup: PluginProvider
1474031914942	addons.manager	DEBUG	Completed startup sequence
1474031915317	addons.manager	DEBUG	Starting provider: <unnamed-provider>
1474031915317	addons.manager	DEBUG	Registering shutdown blocker for <unnamed-provider>
1474031915317	addons.manager	DEBUG	Provider finished startup: <unnamed-provider>
1474031915318	DeferredSave.extensions.json	DEBUG	Starting write
1474031915622	addons.repository	DEBUG	No addons.json found.
1474031915622	DeferredSave.addons.json	DEBUG	Save changes
1474031915627	DeferredSave.addons.json	DEBUG	Starting timer
1474031915659	addons.manager	DEBUG	Starting provider: PreviousExperimentProvider
1474031915659	addons.manager	DEBUG	Registering shutdown blocker for PreviousExperimentProvider
1474031915662	addons.manager	DEBUG	Provider finished startup: PreviousExperimentProvider
1474031915664	DeferredSave.extensions.json	DEBUG	Write succeeded
1474031915665	addons.xpi-utils	DEBUG	XPI Database saved, setting schema version preference to 17
1474031915686	DeferredSave.addons.json	DEBUG	Starting write
1474031915729	DeferredSave.addons.json	DEBUG	Write succeeded

	at org.openqa.selenium.firefox.internal.NewProfileExtensionConnection.start(NewProfileExtensionConnection.java:113)
	... 36 more
]]>
    </error>
  </testcase> <!-- testFilterAndPlayCustomAfterLogin -->
  <testcase name="testSearchFromPodcast" time="0.002" classname="com.buxie.selenium.testNGfun.RunWithTestNG">
    <error type="org.openqa.selenium.WebDriverException" message="Failed to connect to binary FirefoxBinary(C:\Program Files (x86)\Mozilla Firefox\firefox.exe) on port 7055; process output follows: 
,&quot;syncGUID&quot;:&quot;b6w_FG_MHSp-&quot;,&quot;location&quot;:&quot;app-global&quot;,&quot;version&quot;:&quot;48.0.2&quot;,&quot;type&quot;:&quot;theme&quot;,&quot;internalName&quot;:&quot;classic/1.0&quot;,&quot;updateURL&quot;:null,&quot;updateKey&quot;:null,&quot;optionsURL&quot;:null,&quot;optionsType&quot;:null,&quot;aboutURL&quot;:null,&quot;icons&quot;:{&quot;32&quot;:&quot;icon.png&quot;,&quot;48&quot;:&quot;icon.png&quot;},&quot;iconURL&quot;:null,&quot;icon64URL&quot;:null,&quot;defaultLocale&quot;:{&quot;name&quot;:&quot;Default&quot;,&quot;description&quot;:&quot;The default theme.&quot;,&quot;creator&quot;:&quot;Mozilla&quot;,&quot;homepageURL&quot;:null,&quot;contributors&quot;:[&quot;Mozilla Contributors&quot;]},&quot;visible&quot;:true,&quot;active&quot;:true,&quot;userDisabled&quot;:false,&quot;appDisabled&quot;:false,&quot;descriptor&quot;:&quot;C:\\Program Files (x86)\\Mozilla Firefox\\browser\\extensions\\{972ce4c6-7e08-4474-a285-3208198ce6fd}.xpi&quot;,&quot;installDate&quot;:1472018554000,&quot;updateDate&quot;:1472018554000,&quot;applyBackgroundUpdates&quot;:1,&quot;skinnable&quot;:true,&quot;size&quot;:21905,&quot;sourceURI&quot;:null,&quot;releaseNotesURI&quot;:null,&quot;softDisabled&quot;:false,&quot;foreignInstall&quot;:false,&quot;hasBinaryComponents&quot;:false,&quot;strictCompatibility&quot;:true,&quot;locales&quot;:[],&quot;targetApplications&quot;:[{&quot;id&quot;:&quot;{ec8030f7-c20a-464f-9b0e-13a3a9e97384}&quot;,&quot;minVersion&quot;:&quot;48.0.2&quot;,&quot;maxVersion&quot;:&quot;48.0.2&quot;}],&quot;targetPlatforms&quot;:[],&quot;seen&quot;:true}
1474031914908	addons.xpi	DEBUG	getModTime: Recursive scan of {972ce4c6-7e08-4474-a285-3208198ce6fd}
1474031914909	DeferredSave.extensions.json	DEBUG	Save changes
1474031914909	addons.xpi	DEBUG	Updating database with changes to installed add-ons
1474031914909	addons.xpi-utils	DEBUG	Updating add-on states
1474031914910	addons.xpi-utils	DEBUG	Writing add-ons list
1474031914913	addons.xpi	DEBUG	Registering manifest for C:\Program Files (x86)\Mozilla Firefox\browser\features\e10srollout@mozilla.org.xpi
1474031914914	addons.xpi	DEBUG	Calling bootstrap method startup on e10srollout@mozilla.org version 1.1
1474031914914	addons.xpi	DEBUG	Registering manifest for C:\Program Files (x86)\Mozilla Firefox\browser\features\firefox@getpocket.com.xpi
1474031914914	addons.xpi	DEBUG	Calling bootstrap method startup on firefox@getpocket.com version 1.0.4
1474031914915	addons.xpi	DEBUG	Registering manifest for C:\Program Files (x86)\Mozilla Firefox\browser\features\loop@mozilla.org.xpi
1474031914915	addons.xpi	DEBUG	Calling bootstrap method startup on loop@mozilla.org version 1.4.4
1474031914934	addons.manager	DEBUG	Registering shutdown blocker for XPIProvider
1474031914934	addons.manager	DEBUG	Provider finished startup: XPIProvider
1474031914934	addons.manager	DEBUG	Starting provider: LightweightThemeManager
1474031914934	addons.manager	DEBUG	Registering shutdown blocker for LightweightThemeManager
1474031914935	addons.manager	DEBUG	Provider finished startup: LightweightThemeManager
1474031914935	addons.manager	DEBUG	Starting provider: GMPProvider
1474031914940	addons.manager	DEBUG	Registering shutdown blocker for GMPProvider
1474031914941	addons.manager	DEBUG	Provider finished startup: GMPProvider
1474031914941	addons.manager	DEBUG	Starting provider: PluginProvider
1474031914941	addons.manager	DEBUG	Registering shutdown blocker for PluginProvider
1474031914941	addons.manager	DEBUG	Provider finished startup: PluginProvider
1474031914942	addons.manager	DEBUG	Completed startup sequence
1474031915317	addons.manager	DEBUG	Starting provider: &lt;unnamed-provider&gt;
1474031915317	addons.manager	DEBUG	Registering shutdown blocker for &lt;unnamed-provider&gt;
1474031915317	addons.manager	DEBUG	Provider finished startup: &lt;unnamed-provider&gt;
1474031915318	DeferredSave.extensions.json	DEBUG	Starting write
1474031915622	addons.repository	DEBUG	No addons.json found.
1474031915622	DeferredSave.addons.json	DEBUG	Save changes
1474031915627	DeferredSave.addons.json	DEBUG	Starting timer
1474031915659	addons.manager	DEBUG	Starting provider: PreviousExperimentProvider
1474031915659	addons.manager	DEBUG	Registering shutdown blocker for PreviousExperimentProvider
1474031915662	addons.manager	DEBUG	Provider finished startup: PreviousExperimentProvider
1474031915664	DeferredSave.extensions.json	DEBUG	Write succeeded
1474031915665	addons.xpi-utils	DEBUG	XPI Database saved, setting schema version preference to 17
1474031915686	DeferredSave.addons.json	DEBUG	Starting write
1474031915729	DeferredSave.addons.json	DEBUG	Write succeeded

Build info: version: &#039;2.53.0&#039;, revision: &#039;35ae25b1534ae328c771e0856c93e187490ca824&#039;, time: &#039;2016-03-15 10:43:46&#039;
System info: host: &#039;DESKTOP-D75Q99P&#039;, ip: &#039;192.168.1.5&#039;, os.name: &#039;Windows 10&#039;, os.arch: &#039;amd64&#039;, os.version: &#039;10.0&#039;, java.version: &#039;1.8.0_101&#039;
Driver info: driver.version: FirefoxDriver">
      <![CDATA[org.openqa.selenium.WebDriverException: Failed to connect to binary FirefoxBinary(C:\Program Files (x86)\Mozilla Firefox\firefox.exe) on port 7055; process output follows: 
,"syncGUID":"b6w_FG_MHSp-","location":"app-global","version":"48.0.2","type":"theme","internalName":"classic/1.0","updateURL":null,"updateKey":null,"optionsURL":null,"optionsType":null,"aboutURL":null,"icons":{"32":"icon.png","48":"icon.png"},"iconURL":null,"icon64URL":null,"defaultLocale":{"name":"Default","description":"The default theme.","creator":"Mozilla","homepageURL":null,"contributors":["Mozilla Contributors"]},"visible":true,"active":true,"userDisabled":false,"appDisabled":false,"descriptor":"C:\\Program Files (x86)\\Mozilla Firefox\\browser\\extensions\\{972ce4c6-7e08-4474-a285-3208198ce6fd}.xpi","installDate":1472018554000,"updateDate":1472018554000,"applyBackgroundUpdates":1,"skinnable":true,"size":21905,"sourceURI":null,"releaseNotesURI":null,"softDisabled":false,"foreignInstall":false,"hasBinaryComponents":false,"strictCompatibility":true,"locales":[],"targetApplications":[{"id":"{ec8030f7-c20a-464f-9b0e-13a3a9e97384}","minVersion":"48.0.2","maxVersion":"48.0.2"}],"targetPlatforms":[],"seen":true}
1474031914908	addons.xpi	DEBUG	getModTime: Recursive scan of {972ce4c6-7e08-4474-a285-3208198ce6fd}
1474031914909	DeferredSave.extensions.json	DEBUG	Save changes
1474031914909	addons.xpi	DEBUG	Updating database with changes to installed add-ons
1474031914909	addons.xpi-utils	DEBUG	Updating add-on states
1474031914910	addons.xpi-utils	DEBUG	Writing add-ons list
1474031914913	addons.xpi	DEBUG	Registering manifest for C:\Program Files (x86)\Mozilla Firefox\browser\features\e10srollout@mozilla.org.xpi
1474031914914	addons.xpi	DEBUG	Calling bootstrap method startup on e10srollout@mozilla.org version 1.1
1474031914914	addons.xpi	DEBUG	Registering manifest for C:\Program Files (x86)\Mozilla Firefox\browser\features\firefox@getpocket.com.xpi
1474031914914	addons.xpi	DEBUG	Calling bootstrap method startup on firefox@getpocket.com version 1.0.4
1474031914915	addons.xpi	DEBUG	Registering manifest for C:\Program Files (x86)\Mozilla Firefox\browser\features\loop@mozilla.org.xpi
1474031914915	addons.xpi	DEBUG	Calling bootstrap method startup on loop@mozilla.org version 1.4.4
1474031914934	addons.manager	DEBUG	Registering shutdown blocker for XPIProvider
1474031914934	addons.manager	DEBUG	Provider finished startup: XPIProvider
1474031914934	addons.manager	DEBUG	Starting provider: LightweightThemeManager
1474031914934	addons.manager	DEBUG	Registering shutdown blocker for LightweightThemeManager
1474031914935	addons.manager	DEBUG	Provider finished startup: LightweightThemeManager
1474031914935	addons.manager	DEBUG	Starting provider: GMPProvider
1474031914940	addons.manager	DEBUG	Registering shutdown blocker for GMPProvider
1474031914941	addons.manager	DEBUG	Provider finished startup: GMPProvider
1474031914941	addons.manager	DEBUG	Starting provider: PluginProvider
1474031914941	addons.manager	DEBUG	Registering shutdown blocker for PluginProvider
1474031914941	addons.manager	DEBUG	Provider finished startup: PluginProvider
1474031914942	addons.manager	DEBUG	Completed startup sequence
1474031915317	addons.manager	DEBUG	Starting provider: <unnamed-provider>
1474031915317	addons.manager	DEBUG	Registering shutdown blocker for <unnamed-provider>
1474031915317	addons.manager	DEBUG	Provider finished startup: <unnamed-provider>
1474031915318	DeferredSave.extensions.json	DEBUG	Starting write
1474031915622	addons.repository	DEBUG	No addons.json found.
1474031915622	DeferredSave.addons.json	DEBUG	Save changes
1474031915627	DeferredSave.addons.json	DEBUG	Starting timer
1474031915659	addons.manager	DEBUG	Starting provider: PreviousExperimentProvider
1474031915659	addons.manager	DEBUG	Registering shutdown blocker for PreviousExperimentProvider
1474031915662	addons.manager	DEBUG	Provider finished startup: PreviousExperimentProvider
1474031915664	DeferredSave.extensions.json	DEBUG	Write succeeded
1474031915665	addons.xpi-utils	DEBUG	XPI Database saved, setting schema version preference to 17
1474031915686	DeferredSave.addons.json	DEBUG	Starting write
1474031915729	DeferredSave.addons.json	DEBUG	Write succeeded

Build info: version: '2.53.0', revision: '35ae25b1534ae328c771e0856c93e187490ca824', time: '2016-03-15 10:43:46'
System info: host: 'DESKTOP-D75Q99P', ip: '192.168.1.5', os.name: 'Windows 10', os.arch: 'amd64', os.version: '10.0', java.version: '1.8.0_101'
Driver info: driver.version: FirefoxDriver
	at org.openqa.selenium.firefox.internal.NewProfileExtensionConnection.start(NewProfileExtensionConnection.java:125)
	at org.openqa.selenium.firefox.FirefoxDriver.startClient(FirefoxDriver.java:271)
	at org.openqa.selenium.remote.RemoteWebDriver.<init>(RemoteWebDriver.java:119)
	at org.openqa.selenium.firefox.FirefoxDriver.<init>(FirefoxDriver.java:216)
	at org.openqa.selenium.firefox.FirefoxDriver.<init>(FirefoxDriver.java:211)
	at org.openqa.selenium.firefox.FirefoxDriver.<init>(FirefoxDriver.java:207)
	at org.openqa.selenium.firefox.FirefoxDriver.<init>(FirefoxDriver.java:120)
	at com.buxie.selenium.testNGfun.Utils.createWebDriver(Utils.java:62)
	at com.buxie.selenium.testNGfun.Utils.launchBrowser(Utils.java:263)
	at com.buxie.selenium.testNGfun.RunWithTestNG.init(RunWithTestNG.java:54)
	at sun.reflect.NativeMethodAccessorImpl.invoke0(Native Method)
	at sun.reflect.NativeMethodAccessorImpl.invoke(NativeMethodAccessorImpl.java:62)
	at sun.reflect.DelegatingMethodAccessorImpl.invoke(DelegatingMethodAccessorImpl.java:43)
	at java.lang.reflect.Method.invoke(Method.java:498)
	at org.testng.internal.MethodInvocationHelper.invokeMethod(MethodInvocationHelper.java:100)
	at org.testng.internal.Invoker.invokeConfigurationMethod(Invoker.java:515)
	at org.testng.internal.Invoker.invokeConfigurations(Invoker.java:216)
	at org.testng.internal.Invoker.invokeMethod(Invoker.java:590)
	at org.testng.internal.Invoker.invokeTestMethod(Invoker.java:811)
	at org.testng.internal.Invoker.invokeTestMethods(Invoker.java:1129)
	at org.testng.internal.TestMethodWorker.invokeTestMethods(TestMethodWorker.java:129)
	at org.testng.internal.TestMethodWorker.run(TestMethodWorker.java:112)
	at org.testng.TestRunner.privateRun(TestRunner.java:746)
	at org.testng.TestRunner.run(TestRunner.java:600)
	at org.testng.SuiteRunner.runTest(SuiteRunner.java:366)
	at org.testng.SuiteRunner.runSequentially(SuiteRunner.java:361)
	at org.testng.SuiteRunner.privateRun(SuiteRunner.java:319)
	at org.testng.SuiteRunner.run(SuiteRunner.java:268)
	at org.testng.SuiteRunnerWorker.runSuite(SuiteRunnerWorker.java:52)
	at org.testng.SuiteRunnerWorker.run(SuiteRunnerWorker.java:86)
	at org.testng.TestNG.runSuitesSequentially(TestNG.java:1264)
	at org.testng.TestNG.runSuitesLocally(TestNG.java:1189)
	at org.testng.TestNG.runSuites(TestNG.java:1104)
	at org.testng.TestNG.run(TestNG.java:1076)
	at org.testng.remote.AbstractRemoteTestNG.run(AbstractRemoteTestNG.java:126)
	at org.testng.remote.RemoteTestNG.initAndRun(RemoteTestNG.java:152)
	at org.testng.remote.RemoteTestNG.main(RemoteTestNG.java:57)
Caused by: org.openqa.selenium.firefox.NotConnectedException: Unable to connect to host 127.0.0.1 on port 7055 after 45000 ms. Firefox console output:
,"syncGUID":"b6w_FG_MHSp-","location":"app-global","version":"48.0.2","type":"theme","internalName":"classic/1.0","updateURL":null,"updateKey":null,"optionsURL":null,"optionsType":null,"aboutURL":null,"icons":{"32":"icon.png","48":"icon.png"},"iconURL":null,"icon64URL":null,"defaultLocale":{"name":"Default","description":"The default theme.","creator":"Mozilla","homepageURL":null,"contributors":["Mozilla Contributors"]},"visible":true,"active":true,"userDisabled":false,"appDisabled":false,"descriptor":"C:\\Program Files (x86)\\Mozilla Firefox\\browser\\extensions\\{972ce4c6-7e08-4474-a285-3208198ce6fd}.xpi","installDate":1472018554000,"updateDate":1472018554000,"applyBackgroundUpdates":1,"skinnable":true,"size":21905,"sourceURI":null,"releaseNotesURI":null,"softDisabled":false,"foreignInstall":false,"hasBinaryComponents":false,"strictCompatibility":true,"locales":[],"targetApplications":[{"id":"{ec8030f7-c20a-464f-9b0e-13a3a9e97384}","minVersion":"48.0.2","maxVersion":"48.0.2"}],"targetPlatforms":[],"seen":true}
1474031914908	addons.xpi	DEBUG	getModTime: Recursive scan of {972ce4c6-7e08-4474-a285-3208198ce6fd}
1474031914909	DeferredSave.extensions.json	DEBUG	Save changes
1474031914909	addons.xpi	DEBUG	Updating database with changes to installed add-ons
1474031914909	addons.xpi-utils	DEBUG	Updating add-on states
1474031914910	addons.xpi-utils	DEBUG	Writing add-ons list
1474031914913	addons.xpi	DEBUG	Registering manifest for C:\Program Files (x86)\Mozilla Firefox\browser\features\e10srollout@mozilla.org.xpi
1474031914914	addons.xpi	DEBUG	Calling bootstrap method startup on e10srollout@mozilla.org version 1.1
1474031914914	addons.xpi	DEBUG	Registering manifest for C:\Program Files (x86)\Mozilla Firefox\browser\features\firefox@getpocket.com.xpi
1474031914914	addons.xpi	DEBUG	Calling bootstrap method startup on firefox@getpocket.com version 1.0.4
1474031914915	addons.xpi	DEBUG	Registering manifest for C:\Program Files (x86)\Mozilla Firefox\browser\features\loop@mozilla.org.xpi
1474031914915	addons.xpi	DEBUG	Calling bootstrap method startup on loop@mozilla.org version 1.4.4
1474031914934	addons.manager	DEBUG	Registering shutdown blocker for XPIProvider
1474031914934	addons.manager	DEBUG	Provider finished startup: XPIProvider
1474031914934	addons.manager	DEBUG	Starting provider: LightweightThemeManager
1474031914934	addons.manager	DEBUG	Registering shutdown blocker for LightweightThemeManager
1474031914935	addons.manager	DEBUG	Provider finished startup: LightweightThemeManager
1474031914935	addons.manager	DEBUG	Starting provider: GMPProvider
1474031914940	addons.manager	DEBUG	Registering shutdown blocker for GMPProvider
1474031914941	addons.manager	DEBUG	Provider finished startup: GMPProvider
1474031914941	addons.manager	DEBUG	Starting provider: PluginProvider
1474031914941	addons.manager	DEBUG	Registering shutdown blocker for PluginProvider
1474031914941	addons.manager	DEBUG	Provider finished startup: PluginProvider
1474031914942	addons.manager	DEBUG	Completed startup sequence
1474031915317	addons.manager	DEBUG	Starting provider: <unnamed-provider>
1474031915317	addons.manager	DEBUG	Registering shutdown blocker for <unnamed-provider>
1474031915317	addons.manager	DEBUG	Provider finished startup: <unnamed-provider>
1474031915318	DeferredSave.extensions.json	DEBUG	Starting write
1474031915622	addons.repository	DEBUG	No addons.json found.
1474031915622	DeferredSave.addons.json	DEBUG	Save changes
1474031915627	DeferredSave.addons.json	DEBUG	Starting timer
1474031915659	addons.manager	DEBUG	Starting provider: PreviousExperimentProvider
1474031915659	addons.manager	DEBUG	Registering shutdown blocker for PreviousExperimentProvider
1474031915662	addons.manager	DEBUG	Provider finished startup: PreviousExperimentProvider
1474031915664	DeferredSave.extensions.json	DEBUG	Write succeeded
1474031915665	addons.xpi-utils	DEBUG	XPI Database saved, setting schema version preference to 17
1474031915686	DeferredSave.addons.json	DEBUG	Starting write
1474031915729	DeferredSave.addons.json	DEBUG	Write succeeded

	at org.openqa.selenium.firefox.internal.NewProfileExtensionConnection.start(NewProfileExtensionConnection.java:113)
	... 36 more
]]>
    </error>
  </testcase> <!-- testSearchFromPodcast -->
</testsuite> <!-- com.buxie.selenium.testNGfun.RunWithTestNG -->
